Analysis & Synthesis report for DE1_SoC
Mon Dec 04 19:51:26 2023
Quartus Prime Version 17.0.0 Build 595 04/25/2017 SJ Lite Edition


---------------------
; Table of Contents ;
---------------------
  1. Legal Notice
  2. Analysis & Synthesis Summary
  3. Analysis & Synthesis Settings
  4. Parallel Compilation
  5. Analysis & Synthesis Messages
  6. Analysis & Synthesis Suppressed Messages



----------------
; Legal Notice ;
----------------
Copyright (C) 2017  Intel Corporation. All rights reserved.
Your use of Intel Corporation's design tools, logic functions 
and other software and tools, and its AMPP partner logic 
functions, and any output files from any of the foregoing 
(including device programming or simulation files), and any 
associated documentation or information are expressly subject 
to the terms and conditions of the Intel Program License 
Subscription Agreement, the Intel Quartus Prime License Agreement,
the Intel MegaCore Function License Agreement, or other 
applicable license agreement, including, without limitation, 
that your use is for the sole purpose of programming logic 
devices manufactured by Intel and sold by Intel or its 
authorized distributors.  Please refer to the applicable 
agreement for further details.



+---------------------------------------------------------------------------+
; Analysis & Synthesis Summary                                              ;
+-----------------------------+---------------------------------------------+
; Analysis & Synthesis Status ; Failed - Mon Dec 04 19:51:26 2023           ;
; Quartus Prime Version       ; 17.0.0 Build 595 04/25/2017 SJ Lite Edition ;
; Revision Name               ; DE1_SoC                                     ;
; Top-level Entity Name       ; DE1_SoC                                     ;
; Family                      ; Cyclone V                                   ;
; Logic utilization (in ALMs) ; N/A until Partition Merge                   ;
; Total registers             ; N/A until Partition Merge                   ;
; Total pins                  ; N/A until Partition Merge                   ;
; Total virtual pins          ; N/A until Partition Merge                   ;
; Total block memory bits     ; N/A until Partition Merge                   ;
; Total PLLs                  ; N/A until Partition Merge                   ;
; Total DLLs                  ; N/A until Partition Merge                   ;
+-----------------------------+---------------------------------------------+


+---------------------------------------------------------------------------------------------------------------------------+
; Analysis & Synthesis Settings                                                                                             ;
+---------------------------------------------------------------------------------+--------------------+--------------------+
; Option                                                                          ; Setting            ; Default Value      ;
+---------------------------------------------------------------------------------+--------------------+--------------------+
; Device                                                                          ; 5CGXFC7C7F23C8     ;                    ;
; Top-level entity name                                                           ; DE1_SoC            ; DE1_SoC            ;
; Family name                                                                     ; Cyclone V          ; Cyclone V          ;
; Use smart compilation                                                           ; Off                ; Off                ;
; Enable parallel Assembler and TimeQuest Timing Analyzer during compilation      ; On                 ; On                 ;
; Enable compact report table                                                     ; Off                ; Off                ;
; Restructure Multiplexers                                                        ; Auto               ; Auto               ;
; MLAB Add Timing Constraints For Mixed-Port Feed-Through Mode Setting Don't Care ; Off                ; Off                ;
; Create Debugging Nodes for IP Cores                                             ; Off                ; Off                ;
; Preserve fewer node names                                                       ; On                 ; On                 ;
; OpenCore Plus hardware evaluation                                               ; Enable             ; Enable             ;
; Verilog Version                                                                 ; Verilog_2001       ; Verilog_2001       ;
; VHDL Version                                                                    ; VHDL_1993          ; VHDL_1993          ;
; State Machine Processing                                                        ; Auto               ; Auto               ;
; Safe State Machine                                                              ; Off                ; Off                ;
; Extract Verilog State Machines                                                  ; On                 ; On                 ;
; Extract VHDL State Machines                                                     ; On                 ; On                 ;
; Ignore Verilog initial constructs                                               ; Off                ; Off                ;
; Iteration limit for constant Verilog loops                                      ; 5000               ; 5000               ;
; Iteration limit for non-constant Verilog loops                                  ; 250                ; 250                ;
; Add Pass-Through Logic to Inferred RAMs                                         ; On                 ; On                 ;
; Infer RAMs from Raw Logic                                                       ; On                 ; On                 ;
; Parallel Synthesis                                                              ; On                 ; On                 ;
; DSP Block Balancing                                                             ; Auto               ; Auto               ;
; NOT Gate Push-Back                                                              ; On                 ; On                 ;
; Power-Up Don't Care                                                             ; On                 ; On                 ;
; Remove Redundant Logic Cells                                                    ; Off                ; Off                ;
; Remove Duplicate Registers                                                      ; On                 ; On                 ;
; Ignore CARRY Buffers                                                            ; Off                ; Off                ;
; Ignore CASCADE Buffers                                                          ; Off                ; Off                ;
; Ignore GLOBAL Buffers                                                           ; Off                ; Off                ;
; Ignore ROW GLOBAL Buffers                                                       ; Off                ; Off                ;
; Ignore LCELL Buffers                                                            ; Off                ; Off                ;
; Ignore SOFT Buffers                                                             ; On                 ; On                 ;
; Limit AHDL Integers to 32 Bits                                                  ; Off                ; Off                ;
; Optimization Technique                                                          ; Balanced           ; Balanced           ;
; Carry Chain Length                                                              ; 70                 ; 70                 ;
; Auto Carry Chains                                                               ; On                 ; On                 ;
; Auto Open-Drain Pins                                                            ; On                 ; On                 ;
; Perform WYSIWYG Primitive Resynthesis                                           ; Off                ; Off                ;
; Auto ROM Replacement                                                            ; On                 ; On                 ;
; Auto RAM Replacement                                                            ; On                 ; On                 ;
; Auto DSP Block Replacement                                                      ; On                 ; On                 ;
; Auto Shift Register Replacement                                                 ; Auto               ; Auto               ;
; Allow Shift Register Merging across Hierarchies                                 ; Auto               ; Auto               ;
; Auto Clock Enable Replacement                                                   ; On                 ; On                 ;
; Strict RAM Replacement                                                          ; Off                ; Off                ;
; Allow Synchronous Control Signals                                               ; On                 ; On                 ;
; Force Use of Synchronous Clear Signals                                          ; Off                ; Off                ;
; Auto Resource Sharing                                                           ; Off                ; Off                ;
; Allow Any RAM Size For Recognition                                              ; Off                ; Off                ;
; Allow Any ROM Size For Recognition                                              ; Off                ; Off                ;
; Allow Any Shift Register Size For Recognition                                   ; Off                ; Off                ;
; Use LogicLock Constraints during Resource Balancing                             ; On                 ; On                 ;
; Ignore translate_off and synthesis_off directives                               ; Off                ; Off                ;
; Timing-Driven Synthesis                                                         ; On                 ; On                 ;
; Report Parameter Settings                                                       ; On                 ; On                 ;
; Report Source Assignments                                                       ; On                 ; On                 ;
; Report Connectivity Checks                                                      ; On                 ; On                 ;
; Ignore Maximum Fan-Out Assignments                                              ; Off                ; Off                ;
; Synchronization Register Chain Length                                           ; 3                  ; 3                  ;
; PowerPlay Power Optimization During Synthesis                                   ; Normal compilation ; Normal compilation ;
; HDL message level                                                               ; Level2             ; Level2             ;
; Suppress Register Optimization Related Messages                                 ; Off                ; Off                ;
; Number of Removed Registers Reported in Synthesis Report                        ; 5000               ; 5000               ;
; Number of Swept Nodes Reported in Synthesis Report                              ; 5000               ; 5000               ;
; Number of Inverted Registers Reported in Synthesis Report                       ; 100                ; 100                ;
; Clock MUX Protection                                                            ; On                 ; On                 ;
; Auto Gated Clock Conversion                                                     ; Off                ; Off                ;
; Block Design Naming                                                             ; Auto               ; Auto               ;
; SDC constraint protection                                                       ; Off                ; Off                ;
; Synthesis Effort                                                                ; Auto               ; Auto               ;
; Shift Register Replacement - Allow Asynchronous Clear Signal                    ; On                 ; On                 ;
; Pre-Mapping Resynthesis Optimization                                            ; Off                ; Off                ;
; Analysis & Synthesis Message Level                                              ; Medium             ; Medium             ;
; Disable Register Merging Across Hierarchies                                     ; Auto               ; Auto               ;
; Resource Aware Inference For Block RAM                                          ; On                 ; On                 ;
; Automatic Parallel Synthesis                                                    ; On                 ; On                 ;
; Partial Reconfiguration Bitstream ID                                            ; Off                ; Off                ;
+---------------------------------------------------------------------------------+--------------------+--------------------+


+------------------------------------------+
; Parallel Compilation                     ;
+----------------------------+-------------+
; Processors                 ; Number      ;
+----------------------------+-------------+
; Number detected on machine ; 4           ;
; Maximum allowed            ; 4           ;
;                            ;             ;
; Average used               ; 1.00        ;
; Maximum used               ; 1           ;
;                            ;             ;
; Usage by Processor         ; % Time Used ;
;     Processor 1            ; 100.0%      ;
+----------------------------+-------------+


+-------------------------------+
; Analysis & Synthesis Messages ;
+-------------------------------+
Info: *******************************************************************
Info: Running Quartus Prime Analysis & Synthesis
    Info: Version 17.0.0 Build 595 04/25/2017 SJ Lite Edition
    Info: Processing started: Mon Dec 04 19:50:59 2023
Info: Command: quartus_map --read_settings_files=on --write_settings_files=off DE1_SoC -c DE1_SoC
Warning (18236): Number of processors has not been specified which may cause overloading on shared machines.  Set the global assignment NUM_PARALLEL_PROCESSORS in your QSF to an appropriate value for best performance.
Info (20030): Parallel compilation is enabled and will use 4 of the 4 processors detected
Info (12021): Found 2 design units, including 2 entities, in source file validate_move.sv
    Info (12023): Found entity 1: validate_move File: //Mac/Home/Desktop/EE371/Git-EE371/CSE371/lab6/validate_move.sv Line: 1
    Info (12023): Found entity 2: validate_move_tb File: //Mac/Home/Desktop/EE371/Git-EE371/CSE371/lab6/validate_move.sv Line: 55
Info (12021): Found 2 design units, including 2 entities, in source file set_move.sv
    Info (12023): Found entity 1: set_move File: //Mac/Home/Desktop/EE371/Git-EE371/CSE371/lab6/set_move.sv Line: 1
    Info (12023): Found entity 2: set_move_tb File: //Mac/Home/Desktop/EE371/Git-EE371/CSE371/lab6/set_move.sv Line: 64
Info (12021): Found 1 design units, including 1 entities, in source file screen_handler.sv
    Info (12023): Found entity 1: screen_handler File: //Mac/Home/Desktop/EE371/Git-EE371/CSE371/lab6/screen_handler.sv Line: 17
Info (12021): Found 1 design units, including 1 entities, in source file player_handler.sv
    Info (12023): Found entity 1: player_handler File: //Mac/Home/Desktop/EE371/Git-EE371/CSE371/lab6/player_handler.sv Line: 1
Info (12021): Found 2 design units, including 2 entities, in source file input_handler.sv
    Info (12023): Found entity 1: input_handler File: //Mac/Home/Desktop/EE371/Git-EE371/CSE371/lab6/input_handler.sv Line: 1
    Info (12023): Found entity 2: input_handler_tb File: //Mac/Home/Desktop/EE371/Git-EE371/CSE371/lab6/input_handler.sv Line: 37
Info (12021): Found 1 design units, including 1 entities, in source file de1_soc.sv
    Info (12023): Found entity 1: DE1_SoC File: //Mac/Home/Desktop/EE371/Git-EE371/CSE371/lab6/DE1_SoC.sv Line: 15
Info (12021): Found 1 design units, including 1 entities, in source file tic_tac_toe.sv
    Info (12023): Found entity 1: tic_tac_toe File: //Mac/Home/Desktop/EE371/Git-EE371/CSE371/lab6/tic_tac_toe.sv Line: 1
Warning (10236): Verilog HDL Implicit Net warning at tic_tac_toe.sv(57): created implicit net for "enable" File: //Mac/Home/Desktop/EE371/Git-EE371/CSE371/lab6/tic_tac_toe.sv Line: 57
Info (12127): Elaborating entity "DE1_SoC" for the top level hierarchy
Info (12128): Elaborating entity "tic_tac_toe" for hierarchy "tic_tac_toe:game" File: //Mac/Home/Desktop/EE371/Git-EE371/CSE371/lab6/DE1_SoC.sv Line: 33
Warning (10858): Verilog HDL warning at tic_tac_toe.sv(12): object gamestate used but never assigned File: //Mac/Home/Desktop/EE371/Git-EE371/CSE371/lab6/tic_tac_toe.sv Line: 12
Warning (10030): Net "gamestate" at tic_tac_toe.sv(12) has no driver or initial value, using a default initial value '0' File: //Mac/Home/Desktop/EE371/Git-EE371/CSE371/lab6/tic_tac_toe.sv Line: 12
Warning (10030): Net "enable" at tic_tac_toe.sv(57) has no driver or initial value, using a default initial value '0' File: //Mac/Home/Desktop/EE371/Git-EE371/CSE371/lab6/tic_tac_toe.sv Line: 57
Warning (10030): Net "done" at tic_tac_toe.sv(9) has no driver or initial value, using a default initial value '0' File: //Mac/Home/Desktop/EE371/Git-EE371/CSE371/lab6/tic_tac_toe.sv Line: 9
Info (12128): Elaborating entity "input_handler" for hierarchy "tic_tac_toe:game|input_handler:in_h" File: //Mac/Home/Desktop/EE371/Git-EE371/CSE371/lab6/tic_tac_toe.sv Line: 28
Warning (10240): Verilog HDL Always Construct warning at input_handler.sv(16): inferring latch(es) for variable "metaSW", which holds its previous value in one or more paths through the always construct File: //Mac/Home/Desktop/EE371/Git-EE371/CSE371/lab6/input_handler.sv Line: 16
Warning (10034): Output port "gameover" at input_handler.sv(7) has no driver File: //Mac/Home/Desktop/EE371/Git-EE371/CSE371/lab6/input_handler.sv Line: 7
Info (10041): Inferred latch for "metaSW[0]" at input_handler.sv(16) File: //Mac/Home/Desktop/EE371/Git-EE371/CSE371/lab6/input_handler.sv Line: 16
Info (10041): Inferred latch for "metaSW[1]" at input_handler.sv(16) File: //Mac/Home/Desktop/EE371/Git-EE371/CSE371/lab6/input_handler.sv Line: 16
Info (10041): Inferred latch for "metaSW[2]" at input_handler.sv(16) File: //Mac/Home/Desktop/EE371/Git-EE371/CSE371/lab6/input_handler.sv Line: 16
Info (10041): Inferred latch for "metaSW[3]" at input_handler.sv(16) File: //Mac/Home/Desktop/EE371/Git-EE371/CSE371/lab6/input_handler.sv Line: 16
Info (10041): Inferred latch for "metaSW[4]" at input_handler.sv(16) File: //Mac/Home/Desktop/EE371/Git-EE371/CSE371/lab6/input_handler.sv Line: 16
Info (10041): Inferred latch for "metaSW[5]" at input_handler.sv(16) File: //Mac/Home/Desktop/EE371/Git-EE371/CSE371/lab6/input_handler.sv Line: 16
Info (10041): Inferred latch for "metaSW[6]" at input_handler.sv(16) File: //Mac/Home/Desktop/EE371/Git-EE371/CSE371/lab6/input_handler.sv Line: 16
Info (10041): Inferred latch for "metaSW[7]" at input_handler.sv(16) File: //Mac/Home/Desktop/EE371/Git-EE371/CSE371/lab6/input_handler.sv Line: 16
Info (10041): Inferred latch for "metaSW[8]" at input_handler.sv(16) File: //Mac/Home/Desktop/EE371/Git-EE371/CSE371/lab6/input_handler.sv Line: 16
Info (10041): Inferred latch for "metaSW[9]" at input_handler.sv(16) File: //Mac/Home/Desktop/EE371/Git-EE371/CSE371/lab6/input_handler.sv Line: 16
Info (12128): Elaborating entity "player_handler" for hierarchy "tic_tac_toe:game|player_handler:pl_h" File: //Mac/Home/Desktop/EE371/Git-EE371/CSE371/lab6/tic_tac_toe.sv Line: 40
Warning (10230): Verilog HDL assignment warning at player_handler.sv(5): truncated value with size 7 to match size of target (1) File: //Mac/Home/Desktop/EE371/Git-EE371/CSE371/lab6/player_handler.sv Line: 5
Warning (10230): Verilog HDL assignment warning at player_handler.sv(9): truncated value with size 7 to match size of target (1) File: //Mac/Home/Desktop/EE371/Git-EE371/CSE371/lab6/player_handler.sv Line: 9
Warning (10230): Verilog HDL assignment warning at player_handler.sv(11): truncated value with size 7 to match size of target (1) File: //Mac/Home/Desktop/EE371/Git-EE371/CSE371/lab6/player_handler.sv Line: 11
Warning (10034): Output port "HEX2" at player_handler.sv(3) has no driver File: //Mac/Home/Desktop/EE371/Git-EE371/CSE371/lab6/player_handler.sv Line: 3
Warning (10034): Output port "HEX3" at player_handler.sv(3) has no driver File: //Mac/Home/Desktop/EE371/Git-EE371/CSE371/lab6/player_handler.sv Line: 3
Warning (10034): Output port "HEX4" at player_handler.sv(3) has no driver File: //Mac/Home/Desktop/EE371/Git-EE371/CSE371/lab6/player_handler.sv Line: 3
Warning (10034): Output port "HEX5" at player_handler.sv(3) has no driver File: //Mac/Home/Desktop/EE371/Git-EE371/CSE371/lab6/player_handler.sv Line: 3
Warning (10034): Output port "player" at player_handler.sv(3) has no driver File: //Mac/Home/Desktop/EE371/Git-EE371/CSE371/lab6/player_handler.sv Line: 3
Warning (10034): Output port "valid" at player_handler.sv(3) has no driver File: //Mac/Home/Desktop/EE371/Git-EE371/CSE371/lab6/player_handler.sv Line: 3
Info (12128): Elaborating entity "screen_handler" for hierarchy "tic_tac_toe:game|screen_handler:scr_h" File: //Mac/Home/Desktop/EE371/Git-EE371/CSE371/lab6/tic_tac_toe.sv Line: 50
Warning (10036): Verilog HDL or VHDL warning at screen_handler.sv(59): object "grid_done" assigned a value but never read File: //Mac/Home/Desktop/EE371/Git-EE371/CSE371/lab6/screen_handler.sv Line: 59
Warning (10036): Verilog HDL or VHDL warning at screen_handler.sv(73): object "line_coordinates" assigned a value but never read File: //Mac/Home/Desktop/EE371/Git-EE371/CSE371/lab6/screen_handler.sv Line: 73
Warning (10230): Verilog HDL assignment warning at screen_handler.sv(122): truncated value with size 32 to match size of target (2) File: //Mac/Home/Desktop/EE371/Git-EE371/CSE371/lab6/screen_handler.sv Line: 122
Warning (10230): Verilog HDL assignment warning at screen_handler.sv(123): truncated value with size 32 to match size of target (5) File: //Mac/Home/Desktop/EE371/Git-EE371/CSE371/lab6/screen_handler.sv Line: 123
Info (10008): Verilog HDL or VHDL information: EDA Netlist Writer cannot regroup multidimensional array "grid_coordinates" into its bus
Info (10008): Verilog HDL or VHDL information: EDA Netlist Writer cannot regroup multidimensional array "line_coordinates" into its bus
Info (12128): Elaborating entity "set_move" for hierarchy "tic_tac_toe:game|set_move:sm" File: //Mac/Home/Desktop/EE371/Git-EE371/CSE371/lab6/tic_tac_toe.sv Line: 59
Info (10264): Verilog HDL Case Statement information at set_move.sv(9): all case item expressions in this case statement are onehot File: //Mac/Home/Desktop/EE371/Git-EE371/CSE371/lab6/set_move.sv Line: 9
Info (10041): Inferred latch for "gamestate_next[0][0]" at set_move.sv(9) File: //Mac/Home/Desktop/EE371/Git-EE371/CSE371/lab6/set_move.sv Line: 9
Info (10041): Inferred latch for "gamestate_next[0][1]" at set_move.sv(9) File: //Mac/Home/Desktop/EE371/Git-EE371/CSE371/lab6/set_move.sv Line: 9
Info (10041): Inferred latch for "gamestate_next[1][0]" at set_move.sv(9) File: //Mac/Home/Desktop/EE371/Git-EE371/CSE371/lab6/set_move.sv Line: 9
Info (10041): Inferred latch for "gamestate_next[1][1]" at set_move.sv(9) File: //Mac/Home/Desktop/EE371/Git-EE371/CSE371/lab6/set_move.sv Line: 9
Info (10041): Inferred latch for "gamestate_next[2][0]" at set_move.sv(9) File: //Mac/Home/Desktop/EE371/Git-EE371/CSE371/lab6/set_move.sv Line: 9
Info (10041): Inferred latch for "gamestate_next[2][1]" at set_move.sv(9) File: //Mac/Home/Desktop/EE371/Git-EE371/CSE371/lab6/set_move.sv Line: 9
Info (10041): Inferred latch for "gamestate_next[3][0]" at set_move.sv(9) File: //Mac/Home/Desktop/EE371/Git-EE371/CSE371/lab6/set_move.sv Line: 9
Info (10041): Inferred latch for "gamestate_next[3][1]" at set_move.sv(9) File: //Mac/Home/Desktop/EE371/Git-EE371/CSE371/lab6/set_move.sv Line: 9
Info (10041): Inferred latch for "gamestate_next[4][0]" at set_move.sv(9) File: //Mac/Home/Desktop/EE371/Git-EE371/CSE371/lab6/set_move.sv Line: 9
Info (10041): Inferred latch for "gamestate_next[4][1]" at set_move.sv(9) File: //Mac/Home/Desktop/EE371/Git-EE371/CSE371/lab6/set_move.sv Line: 9
Info (10041): Inferred latch for "gamestate_next[5][0]" at set_move.sv(9) File: //Mac/Home/Desktop/EE371/Git-EE371/CSE371/lab6/set_move.sv Line: 9
Info (10041): Inferred latch for "gamestate_next[5][1]" at set_move.sv(9) File: //Mac/Home/Desktop/EE371/Git-EE371/CSE371/lab6/set_move.sv Line: 9
Info (10041): Inferred latch for "gamestate_next[6][0]" at set_move.sv(9) File: //Mac/Home/Desktop/EE371/Git-EE371/CSE371/lab6/set_move.sv Line: 9
Info (10041): Inferred latch for "gamestate_next[6][1]" at set_move.sv(9) File: //Mac/Home/Desktop/EE371/Git-EE371/CSE371/lab6/set_move.sv Line: 9
Info (10041): Inferred latch for "gamestate_next[7][0]" at set_move.sv(9) File: //Mac/Home/Desktop/EE371/Git-EE371/CSE371/lab6/set_move.sv Line: 9
Info (10041): Inferred latch for "gamestate_next[7][1]" at set_move.sv(9) File: //Mac/Home/Desktop/EE371/Git-EE371/CSE371/lab6/set_move.sv Line: 9
Info (10041): Inferred latch for "gamestate_next[8][0]" at set_move.sv(9) File: //Mac/Home/Desktop/EE371/Git-EE371/CSE371/lab6/set_move.sv Line: 9
Info (10041): Inferred latch for "gamestate_next[8][1]" at set_move.sv(9) File: //Mac/Home/Desktop/EE371/Git-EE371/CSE371/lab6/set_move.sv Line: 9
Info (10041): Inferred latch for "gamestate_next[9][0]" at set_move.sv(9) File: //Mac/Home/Desktop/EE371/Git-EE371/CSE371/lab6/set_move.sv Line: 9
Info (10041): Inferred latch for "gamestate_next[9][1]" at set_move.sv(9) File: //Mac/Home/Desktop/EE371/Git-EE371/CSE371/lab6/set_move.sv Line: 9
Info (12128): Elaborating entity "validate_move" for hierarchy "tic_tac_toe:game|validate_move:vm" File: //Mac/Home/Desktop/EE371/Git-EE371/CSE371/lab6/tic_tac_toe.sv Line: 65
Info (10264): Verilog HDL Case Statement information at validate_move.sv(9): all case item expressions in this case statement are onehot File: //Mac/Home/Desktop/EE371/Git-EE371/CSE371/lab6/validate_move.sv Line: 9
Warning (10240): Verilog HDL Always Construct warning at validate_move.sv(9): inferring latch(es) for variable "valid", which holds its previous value in one or more paths through the always construct File: //Mac/Home/Desktop/EE371/Git-EE371/CSE371/lab6/validate_move.sv Line: 9
Error (10166): SystemVerilog RTL Coding error at validate_move.sv(9): always_comb construct does not infer purely combinational logic. File: //Mac/Home/Desktop/EE371/Git-EE371/CSE371/lab6/validate_move.sv Line: 9
Info (10041): Inferred latch for "valid" at validate_move.sv(9) File: //Mac/Home/Desktop/EE371/Git-EE371/CSE371/lab6/validate_move.sv Line: 9
Error (12152): Can't elaborate user hierarchy "tic_tac_toe:game|validate_move:vm" File: //Mac/Home/Desktop/EE371/Git-EE371/CSE371/lab6/tic_tac_toe.sv Line: 65
Info (144001): Generated suppressed messages file /Desktop/EE371/Git-EE371/CSE371/lab6/output_files/DE1_SoC.map.smsg
Error: Quartus Prime Analysis & Synthesis was unsuccessful. 2 errors, 22 warnings
    Error: Peak virtual memory: 13169 megabytes
    Error: Processing ended: Mon Dec 04 19:51:26 2023
    Error: Elapsed time: 00:00:27
    Error: Total CPU time (on all processors): 00:01:03


+------------------------------------------+
; Analysis & Synthesis Suppressed Messages ;
+------------------------------------------+
The suppressed messages can be found in /Desktop/EE371/Git-EE371/CSE371/lab6/output_files/DE1_SoC.map.smsg.


