<<<<<<< HEAD
Analysis & Synthesis report for DE1_SoC
Fri Oct 06 00:33:04 2023
=======
Analysis & Elaboration report for DE1_SoC
Thu Oct 05 23:41:02 2023
>>>>>>> af10525df4666732e1a9f035e57ffbcdb4fa08dc
Quartus Prime Version 17.0.0 Build 595 04/25/2017 SJ Lite Edition


---------------------
; Table of Contents ;
---------------------
  1. Legal Notice
<<<<<<< HEAD
  2. Analysis & Synthesis Summary
  3. Analysis & Synthesis Settings
  4. Parallel Compilation
  5. Analysis & Synthesis Source Files Read
  6. Analysis & Synthesis Resource Usage Summary
  7. Analysis & Synthesis Resource Utilization by Entity
  8. Registers Removed During Synthesis
  9. General Register Statistics
 10. Multiplexer Restructuring Statistics (Restructuring Performed)
 11. Parameter Settings for User Entity Instance: enter_exit_handler:dut
 12. Post-Synthesis Netlist Statistics for Top Partition
 13. Elapsed Time Per Partition
 14. Analysis & Synthesis Messages
 15. Analysis & Synthesis Suppressed Messages
=======
  2. Analysis & Elaboration Summary
  3. Parallel Compilation
  4. Analysis & Elaboration Settings
  5. Analysis & Elaboration Messages
>>>>>>> af10525df4666732e1a9f035e57ffbcdb4fa08dc



----------------
; Legal Notice ;
----------------
Copyright (C) 2017  Intel Corporation. All rights reserved.
Your use of Intel Corporation's design tools, logic functions 
and other software and tools, and its AMPP partner logic 
functions, and any output files from any of the foregoing 
(including device programming or simulation files), and any 
associated documentation or information are expressly subject 
to the terms and conditions of the Intel Program License 
Subscription Agreement, the Intel Quartus Prime License Agreement,
the Intel MegaCore Function License Agreement, or other 
applicable license agreement, including, without limitation, 
that your use is for the sole purpose of programming logic 
devices manufactured by Intel and sold by Intel or its 
authorized distributors.  Please refer to the applicable 
agreement for further details.



<<<<<<< HEAD
+-------------------------------------------------------------------------------+
; Analysis & Synthesis Summary                                                  ;
+---------------------------------+---------------------------------------------+
; Analysis & Synthesis Status     ; Successful - Fri Oct 06 00:33:04 2023       ;
; Quartus Prime Version           ; 17.0.0 Build 595 04/25/2017 SJ Lite Edition ;
; Revision Name                   ; DE1_SoC                                     ;
; Top-level Entity Name           ; photoSensor                                 ;
; Family                          ; Cyclone V                                   ;
; Logic utilization (in ALMs)     ; N/A                                         ;
; Total registers                 ; 17                                          ;
; Total pins                      ; 20                                          ;
; Total virtual pins              ; 0                                           ;
; Total block memory bits         ; 0                                           ;
; Total DSP Blocks                ; 0                                           ;
; Total HSSI RX PCSs              ; 0                                           ;
; Total HSSI PMA RX Deserializers ; 0                                           ;
; Total HSSI TX PCSs              ; 0                                           ;
; Total HSSI PMA TX Serializers   ; 0                                           ;
; Total PLLs                      ; 0                                           ;
; Total DLLs                      ; 0                                           ;
+---------------------------------+---------------------------------------------+


+---------------------------------------------------------------------------------------------------------------------------+
; Analysis & Synthesis Settings                                                                                             ;
+---------------------------------------------------------------------------------+--------------------+--------------------+
; Option                                                                          ; Setting            ; Default Value      ;
+---------------------------------------------------------------------------------+--------------------+--------------------+
; Device                                                                          ; 5CGXFC7C7F23C8     ;                    ;
; Top-level entity name                                                           ; photoSensor        ; DE1_SoC            ;
; Family name                                                                     ; Cyclone V          ; Cyclone V          ;
; Use smart compilation                                                           ; Off                ; Off                ;
; Enable parallel Assembler and TimeQuest Timing Analyzer during compilation      ; On                 ; On                 ;
; Enable compact report table                                                     ; Off                ; Off                ;
; Restructure Multiplexers                                                        ; Auto               ; Auto               ;
; MLAB Add Timing Constraints For Mixed-Port Feed-Through Mode Setting Don't Care ; Off                ; Off                ;
; Create Debugging Nodes for IP Cores                                             ; Off                ; Off                ;
; Preserve fewer node names                                                       ; On                 ; On                 ;
; OpenCore Plus hardware evaluation                                               ; Enable             ; Enable             ;
; Verilog Version                                                                 ; Verilog_2001       ; Verilog_2001       ;
; VHDL Version                                                                    ; VHDL_1993          ; VHDL_1993          ;
; State Machine Processing                                                        ; Auto               ; Auto               ;
; Safe State Machine                                                              ; Off                ; Off                ;
; Extract Verilog State Machines                                                  ; On                 ; On                 ;
; Extract VHDL State Machines                                                     ; On                 ; On                 ;
; Ignore Verilog initial constructs                                               ; Off                ; Off                ;
; Iteration limit for constant Verilog loops                                      ; 5000               ; 5000               ;
; Iteration limit for non-constant Verilog loops                                  ; 250                ; 250                ;
; Add Pass-Through Logic to Inferred RAMs                                         ; On                 ; On                 ;
; Infer RAMs from Raw Logic                                                       ; On                 ; On                 ;
; Parallel Synthesis                                                              ; On                 ; On                 ;
; DSP Block Balancing                                                             ; Auto               ; Auto               ;
; NOT Gate Push-Back                                                              ; On                 ; On                 ;
; Power-Up Don't Care                                                             ; On                 ; On                 ;
; Remove Redundant Logic Cells                                                    ; Off                ; Off                ;
; Remove Duplicate Registers                                                      ; On                 ; On                 ;
; Ignore CARRY Buffers                                                            ; Off                ; Off                ;
; Ignore CASCADE Buffers                                                          ; Off                ; Off                ;
; Ignore GLOBAL Buffers                                                           ; Off                ; Off                ;
; Ignore ROW GLOBAL Buffers                                                       ; Off                ; Off                ;
; Ignore LCELL Buffers                                                            ; Off                ; Off                ;
; Ignore SOFT Buffers                                                             ; On                 ; On                 ;
; Limit AHDL Integers to 32 Bits                                                  ; Off                ; Off                ;
; Optimization Technique                                                          ; Balanced           ; Balanced           ;
; Carry Chain Length                                                              ; 70                 ; 70                 ;
; Auto Carry Chains                                                               ; On                 ; On                 ;
; Auto Open-Drain Pins                                                            ; On                 ; On                 ;
; Perform WYSIWYG Primitive Resynthesis                                           ; Off                ; Off                ;
; Auto ROM Replacement                                                            ; On                 ; On                 ;
; Auto RAM Replacement                                                            ; On                 ; On                 ;
; Auto DSP Block Replacement                                                      ; On                 ; On                 ;
; Auto Shift Register Replacement                                                 ; Auto               ; Auto               ;
; Allow Shift Register Merging across Hierarchies                                 ; Auto               ; Auto               ;
; Auto Clock Enable Replacement                                                   ; On                 ; On                 ;
; Strict RAM Replacement                                                          ; Off                ; Off                ;
; Allow Synchronous Control Signals                                               ; On                 ; On                 ;
; Force Use of Synchronous Clear Signals                                          ; Off                ; Off                ;
; Auto Resource Sharing                                                           ; Off                ; Off                ;
; Allow Any RAM Size For Recognition                                              ; Off                ; Off                ;
; Allow Any ROM Size For Recognition                                              ; Off                ; Off                ;
; Allow Any Shift Register Size For Recognition                                   ; Off                ; Off                ;
; Use LogicLock Constraints during Resource Balancing                             ; On                 ; On                 ;
; Ignore translate_off and synthesis_off directives                               ; Off                ; Off                ;
; Timing-Driven Synthesis                                                         ; On                 ; On                 ;
; Report Parameter Settings                                                       ; On                 ; On                 ;
; Report Source Assignments                                                       ; On                 ; On                 ;
; Report Connectivity Checks                                                      ; On                 ; On                 ;
; Ignore Maximum Fan-Out Assignments                                              ; Off                ; Off                ;
; Synchronization Register Chain Length                                           ; 3                  ; 3                  ;
; PowerPlay Power Optimization During Synthesis                                   ; Normal compilation ; Normal compilation ;
; HDL message level                                                               ; Level2             ; Level2             ;
; Suppress Register Optimization Related Messages                                 ; Off                ; Off                ;
; Number of Removed Registers Reported in Synthesis Report                        ; 5000               ; 5000               ;
; Number of Swept Nodes Reported in Synthesis Report                              ; 5000               ; 5000               ;
; Number of Inverted Registers Reported in Synthesis Report                       ; 100                ; 100                ;
; Clock MUX Protection                                                            ; On                 ; On                 ;
; Auto Gated Clock Conversion                                                     ; Off                ; Off                ;
; Block Design Naming                                                             ; Auto               ; Auto               ;
; SDC constraint protection                                                       ; Off                ; Off                ;
; Synthesis Effort                                                                ; Auto               ; Auto               ;
; Shift Register Replacement - Allow Asynchronous Clear Signal                    ; On                 ; On                 ;
; Pre-Mapping Resynthesis Optimization                                            ; Off                ; Off                ;
; Analysis & Synthesis Message Level                                              ; Medium             ; Medium             ;
; Disable Register Merging Across Hierarchies                                     ; Auto               ; Auto               ;
; Resource Aware Inference For Block RAM                                          ; On                 ; On                 ;
; Automatic Parallel Synthesis                                                    ; On                 ; On                 ;
; Partial Reconfiguration Bitstream ID                                            ; Off                ; Off                ;
+---------------------------------------------------------------------------------+--------------------+--------------------+
=======
+-----------------------------------------------------------------------------+
; Analysis & Elaboration Summary                                              ;
+-------------------------------+---------------------------------------------+
; Analysis & Elaboration Status ; Successful - Thu Oct 05 23:41:02 2023       ;
; Quartus Prime Version         ; 17.0.0 Build 595 04/25/2017 SJ Lite Edition ;
; Revision Name                 ; DE1_SoC                                     ;
; Top-level Entity Name         ; parkingLotOccupancy                         ;
; Family                        ; Cyclone V                                   ;
; Logic utilization (in ALMs)   ; N/A until Partition Merge                   ;
; Total registers               ; N/A until Partition Merge                   ;
; Total pins                    ; N/A until Partition Merge                   ;
; Total virtual pins            ; N/A until Partition Merge                   ;
; Total block memory bits       ; N/A until Partition Merge                   ;
; Total PLLs                    ; N/A until Partition Merge                   ;
; Total DLLs                    ; N/A until Partition Merge                   ;
+-------------------------------+---------------------------------------------+
>>>>>>> af10525df4666732e1a9f035e57ffbcdb4fa08dc


+------------------------------------------+
; Parallel Compilation                     ;
+----------------------------+-------------+
; Processors                 ; Number      ;
+----------------------------+-------------+
; Number detected on machine ; 8           ;
; Maximum allowed            ; 8           ;
;                            ;             ;
; Average used               ; 1.00        ;
; Maximum used               ; 1           ;
;                            ;             ;
; Usage by Processor         ; % Time Used ;
;     Processor 1            ; 100.0%      ;
<<<<<<< HEAD
;     Processors 2-12        ;   0.0%      ;
+----------------------------+-------------+


+----------------------------------------------------------------------------------------------------------------------------------------------------------+
; Analysis & Synthesis Source Files Read                                                                                                                   ;
+----------------------------------+-----------------+------------------------------+------------------------------------------------------------+---------+
; File Name with User-Entered Path ; Used in Netlist ; File Type                    ; File Name with Absolute Path                               ; Library ;
+----------------------------------+-----------------+------------------------------+------------------------------------------------------------+---------+
; photoSensor.sv                   ; yes             ; User SystemVerilog HDL File  ; C:/Users/noah-/Documents/CSE371/lab1/photoSensor.sv        ;         ;
; enter_exit_handler.sv            ; yes             ; User SystemVerilog HDL File  ; C:/Users/noah-/Documents/CSE371/lab1/enter_exit_handler.sv ;         ;
+----------------------------------+-----------------+------------------------------+------------------------------------------------------------+---------+


+---------------------------------------------------------+
; Analysis & Synthesis Resource Usage Summary             ;
+---------------------------------------------+-----------+
; Resource                                    ; Usage     ;
+---------------------------------------------+-----------+
; Estimate of Logic utilization (ALMs needed) ; 18        ;
;                                             ;           ;
; Combinational ALUT usage for logic          ; 27        ;
;     -- 7 input functions                    ; 0         ;
;     -- 6 input functions                    ; 8         ;
;     -- 5 input functions                    ; 12        ;
;     -- 4 input functions                    ; 4         ;
;     -- <=3 input functions                  ; 3         ;
;                                             ;           ;
; Dedicated logic registers                   ; 17        ;
;                                             ;           ;
; I/O pins                                    ; 20        ;
;                                             ;           ;
; Total DSP Blocks                            ; 0         ;
;                                             ;           ;
; Maximum fan-out node                        ; Clk~input ;
; Maximum fan-out                             ; 17        ;
; Total fan-out                               ; 213       ;
; Average fan-out                             ; 2.54      ;
+---------------------------------------------+-----------+


+----------------------------------------------------------------------------------------------------------------------------------------------------------------------------------------------------------------+
; Analysis & Synthesis Resource Utilization by Entity                                                                                                                                                            ;
+-----------------------------+---------------------+---------------------------+-------------------+------------+------+--------------+-------------------------------------+--------------------+--------------+
; Compilation Hierarchy Node  ; Combinational ALUTs ; Dedicated Logic Registers ; Block Memory Bits ; DSP Blocks ; Pins ; Virtual Pins ; Full Hierarchy Name                 ; Entity Name        ; Library Name ;
+-----------------------------+---------------------+---------------------------+-------------------+------------+------+--------------+-------------------------------------+--------------------+--------------+
; |photoSensor                ; 27 (14)             ; 17 (9)                    ; 0                 ; 0          ; 20   ; 0            ; |photoSensor                        ; photoSensor        ; work         ;
;    |enter_exit_handler:dut| ; 13 (13)             ; 8 (8)                     ; 0                 ; 0          ; 0    ; 0            ; |photoSensor|enter_exit_handler:dut ; enter_exit_handler ; work         ;
+-----------------------------+---------------------+---------------------------+-------------------+------------+------+--------------+-------------------------------------+--------------------+--------------+
Note: For table entries with two numbers listed, the numbers in parentheses indicate the number of resources of the given type used by the specific entity alone. The numbers listed outside of parentheses indicate the total resources of the given type used by the specific entity and all of its sub-entities in the hierarchy.


+-------------------------------------------------------------------------------------+
; Registers Removed During Synthesis                                                  ;
+----------------------------------------+--------------------------------------------+
; Register name                          ; Reason for Removal                         ;
+----------------------------------------+--------------------------------------------+
; ps[2..31]                              ; Stuck at GND due to stuck port data_in     ;
; enter_exit_handler:dut|HEX1[2,3,6]     ; Merged with enter_exit_handler:dut|HEX1[1] ;
; enter_exit_handler:dut|HEX1[5]         ; Merged with enter_exit_handler:dut|HEX1[4] ;
; enter_exit_handler:dut|HEX1[4]         ; Stuck at GND due to stuck port data_in     ;
; enter_exit_handler:dut|HEX1[0]         ; Stuck at VCC due to stuck port data_in     ;
; Total Number of Removed Registers = 36 ;                                            ;
+----------------------------------------+--------------------------------------------+


+------------------------------------------------------+
; General Register Statistics                          ;
+----------------------------------------------+-------+
; Statistic                                    ; Value ;
+----------------------------------------------+-------+
; Total registers                              ; 17    ;
; Number of registers using Synchronous Clear  ; 7     ;
; Number of registers using Synchronous Load   ; 0     ;
; Number of registers using Asynchronous Clear ; 0     ;
; Number of registers using Asynchronous Load  ; 0     ;
; Number of registers using Clock Enable       ; 9     ;
; Number of registers using Preset             ; 0     ;
+----------------------------------------------+-------+


+-----------------------------------------------------------------------------------------------------------------------------------------------------------+
; Multiplexer Restructuring Statistics (Restructuring Performed)                                                                                            ;
+--------------------+-----------+---------------+----------------------+------------------------+------------+---------------------------------------------+
; Multiplexer Inputs ; Bus Width ; Baseline Area ; Area if Restructured ; Saving if Restructured ; Registered ; Example Multiplexer Output                  ;
+--------------------+-----------+---------------+----------------------+------------------------+------------+---------------------------------------------+
; 4:1                ; 5 bits    ; 10 LEs        ; 5 LEs                ; 5 LEs                  ; Yes        ; |photoSensor|counter[2]                     ;
; 19:1               ; 2 bits    ; 24 LEs        ; 24 LEs               ; 0 LEs                  ; Yes        ; |photoSensor|enter_exit_handler:dut|HEX0[0] ;
; 19:1               ; 8 bits    ; 96 LEs        ; 80 LEs               ; 16 LEs                 ; Yes        ; |photoSensor|enter_exit_handler:dut|HEX0[1] ;
+--------------------+-----------+---------------+----------------------+------------------------+------------+---------------------------------------------+


+---------------------------------------------------------------------+
; Parameter Settings for User Entity Instance: enter_exit_handler:dut ;
+----------------+---------+------------------------------------------+
; Parameter Name ; Value   ; Type                                     ;
+----------------+---------+------------------------------------------+
; HEXD0          ; 0000001 ; Unsigned Binary                          ;
; HEXD1          ; 1001111 ; Unsigned Binary                          ;
; HEXD2          ; 0010010 ; Unsigned Binary                          ;
; HEXD3          ; 0000110 ; Unsigned Binary                          ;
; HEXD4          ; 1001100 ; Unsigned Binary                          ;
; HEXD5          ; 0100100 ; Unsigned Binary                          ;
; HEXD6          ; 0100000 ; Unsigned Binary                          ;
; HEXD7          ; 0001111 ; Unsigned Binary                          ;
; HEXD8          ; 0000000 ; Unsigned Binary                          ;
; HEXD9          ; 0000100 ; Unsigned Binary                          ;
+----------------+---------+------------------------------------------+
Note: In order to hide this table in the UI and the text report file, please set the "Show Parameter Settings in Synthesis Report" option in "Analysis and Synthesis Settings -> More Settings" to "Off".


+-----------------------------------------------------+
; Post-Synthesis Netlist Statistics for Top Partition ;
+-----------------------+-----------------------------+
; Type                  ; Count                       ;
+-----------------------+-----------------------------+
; arriav_ff             ; 17                          ;
;     ENA               ; 2                           ;
;     ENA SCLR          ; 7                           ;
;     plain             ; 8                           ;
; arriav_lcell_comb     ; 29                          ;
;     normal            ; 29                          ;
;         0 data inputs ; 2                           ;
;         2 data inputs ; 3                           ;
;         4 data inputs ; 4                           ;
;         5 data inputs ; 12                          ;
;         6 data inputs ; 8                           ;
; boundary_port         ; 20                          ;
;                       ;                             ;
; Max LUT depth         ; 3.00                        ;
; Average LUT depth     ; 1.50                        ;
+-----------------------+-----------------------------+


+-------------------------------+
; Elapsed Time Per Partition    ;
+----------------+--------------+
; Partition Name ; Elapsed Time ;
+----------------+--------------+
; Top            ; 00:00:01     ;
+----------------+--------------+


+-------------------------------+
; Analysis & Synthesis Messages ;
+-------------------------------+
=======
+----------------------------+-------------+


+----------------------------------------------------------------------------------------------------------------------------+
; Analysis & Elaboration Settings                                                                                            ;
+---------------------------------------------------------------------------------+---------------------+--------------------+
; Option                                                                          ; Setting             ; Default Value      ;
+---------------------------------------------------------------------------------+---------------------+--------------------+
; Device                                                                          ; 5CGXFC7C7F23C8      ;                    ;
; Top-level entity name                                                           ; parkingLotOccupancy ; DE1_SoC            ;
; Family name                                                                     ; Cyclone V           ; Cyclone V          ;
; Use smart compilation                                                           ; Off                 ; Off                ;
; Enable parallel Assembler and TimeQuest Timing Analyzer during compilation      ; On                  ; On                 ;
; Enable compact report table                                                     ; Off                 ; Off                ;
; Restructure Multiplexers                                                        ; Auto                ; Auto               ;
; MLAB Add Timing Constraints For Mixed-Port Feed-Through Mode Setting Don't Care ; Off                 ; Off                ;
; Create Debugging Nodes for IP Cores                                             ; Off                 ; Off                ;
; Preserve fewer node names                                                       ; On                  ; On                 ;
; OpenCore Plus hardware evaluation                                               ; Enable              ; Enable             ;
; Verilog Version                                                                 ; Verilog_2001        ; Verilog_2001       ;
; VHDL Version                                                                    ; VHDL_1993           ; VHDL_1993          ;
; State Machine Processing                                                        ; Auto                ; Auto               ;
; Safe State Machine                                                              ; Off                 ; Off                ;
; Extract Verilog State Machines                                                  ; On                  ; On                 ;
; Extract VHDL State Machines                                                     ; On                  ; On                 ;
; Ignore Verilog initial constructs                                               ; Off                 ; Off                ;
; Iteration limit for constant Verilog loops                                      ; 5000                ; 5000               ;
; Iteration limit for non-constant Verilog loops                                  ; 250                 ; 250                ;
; Add Pass-Through Logic to Inferred RAMs                                         ; On                  ; On                 ;
; Infer RAMs from Raw Logic                                                       ; On                  ; On                 ;
; Parallel Synthesis                                                              ; On                  ; On                 ;
; DSP Block Balancing                                                             ; Auto                ; Auto               ;
; NOT Gate Push-Back                                                              ; On                  ; On                 ;
; Power-Up Don't Care                                                             ; On                  ; On                 ;
; Remove Redundant Logic Cells                                                    ; Off                 ; Off                ;
; Remove Duplicate Registers                                                      ; On                  ; On                 ;
; Ignore CARRY Buffers                                                            ; Off                 ; Off                ;
; Ignore CASCADE Buffers                                                          ; Off                 ; Off                ;
; Ignore GLOBAL Buffers                                                           ; Off                 ; Off                ;
; Ignore ROW GLOBAL Buffers                                                       ; Off                 ; Off                ;
; Ignore LCELL Buffers                                                            ; Off                 ; Off                ;
; Ignore SOFT Buffers                                                             ; On                  ; On                 ;
; Limit AHDL Integers to 32 Bits                                                  ; Off                 ; Off                ;
; Optimization Technique                                                          ; Balanced            ; Balanced           ;
; Carry Chain Length                                                              ; 70                  ; 70                 ;
; Auto Carry Chains                                                               ; On                  ; On                 ;
; Auto Open-Drain Pins                                                            ; On                  ; On                 ;
; Perform WYSIWYG Primitive Resynthesis                                           ; Off                 ; Off                ;
; Auto ROM Replacement                                                            ; On                  ; On                 ;
; Auto RAM Replacement                                                            ; On                  ; On                 ;
; Auto DSP Block Replacement                                                      ; On                  ; On                 ;
; Auto Shift Register Replacement                                                 ; Auto                ; Auto               ;
; Allow Shift Register Merging across Hierarchies                                 ; Auto                ; Auto               ;
; Auto Clock Enable Replacement                                                   ; On                  ; On                 ;
; Strict RAM Replacement                                                          ; Off                 ; Off                ;
; Allow Synchronous Control Signals                                               ; On                  ; On                 ;
; Force Use of Synchronous Clear Signals                                          ; Off                 ; Off                ;
; Auto Resource Sharing                                                           ; Off                 ; Off                ;
; Allow Any RAM Size For Recognition                                              ; Off                 ; Off                ;
; Allow Any ROM Size For Recognition                                              ; Off                 ; Off                ;
; Allow Any Shift Register Size For Recognition                                   ; Off                 ; Off                ;
; Use LogicLock Constraints during Resource Balancing                             ; On                  ; On                 ;
; Ignore translate_off and synthesis_off directives                               ; Off                 ; Off                ;
; Timing-Driven Synthesis                                                         ; On                  ; On                 ;
; Report Parameter Settings                                                       ; On                  ; On                 ;
; Report Source Assignments                                                       ; On                  ; On                 ;
; Report Connectivity Checks                                                      ; On                  ; On                 ;
; Ignore Maximum Fan-Out Assignments                                              ; Off                 ; Off                ;
; Synchronization Register Chain Length                                           ; 3                   ; 3                  ;
; PowerPlay Power Optimization During Synthesis                                   ; Normal compilation  ; Normal compilation ;
; HDL message level                                                               ; Level2              ; Level2             ;
; Suppress Register Optimization Related Messages                                 ; Off                 ; Off                ;
; Number of Removed Registers Reported in Synthesis Report                        ; 5000                ; 5000               ;
; Number of Swept Nodes Reported in Synthesis Report                              ; 5000                ; 5000               ;
; Number of Inverted Registers Reported in Synthesis Report                       ; 100                 ; 100                ;
; Clock MUX Protection                                                            ; On                  ; On                 ;
; Auto Gated Clock Conversion                                                     ; Off                 ; Off                ;
; Block Design Naming                                                             ; Auto                ; Auto               ;
; SDC constraint protection                                                       ; Off                 ; Off                ;
; Synthesis Effort                                                                ; Auto                ; Auto               ;
; Shift Register Replacement - Allow Asynchronous Clear Signal                    ; On                  ; On                 ;
; Pre-Mapping Resynthesis Optimization                                            ; Off                 ; Off                ;
; Analysis & Synthesis Message Level                                              ; Medium              ; Medium             ;
; Disable Register Merging Across Hierarchies                                     ; Auto                ; Auto               ;
; Resource Aware Inference For Block RAM                                          ; On                  ; On                 ;
; Automatic Parallel Synthesis                                                    ; On                  ; On                 ;
; Partial Reconfiguration Bitstream ID                                            ; Off                 ; Off                ;
+---------------------------------------------------------------------------------+---------------------+--------------------+


+---------------------------------+
; Analysis & Elaboration Messages ;
+---------------------------------+
>>>>>>> af10525df4666732e1a9f035e57ffbcdb4fa08dc
Info: *******************************************************************
Info: Running Quartus Prime Analysis & Elaboration
    Info: Version 17.0.0 Build 595 04/25/2017 SJ Lite Edition
<<<<<<< HEAD
    Info: Processing started: Fri Oct 06 00:32:48 2023
Info: Command: quartus_map --read_settings_files=on --write_settings_files=off DE1_SoC -c DE1_SoC
Warning (18236): Number of processors has not been specified which may cause overloading on shared machines.  Set the global assignment NUM_PARALLEL_PROCESSORS in your QSF to an appropriate value for best performance.
Info (20030): Parallel compilation is enabled and will use 12 of the 12 processors detected
Info (12021): Found 2 design units, including 2 entities, in source file photosensor.sv
    Info (12023): Found entity 1: photoSensor File: C:/Users/noah-/Documents/CSE371/lab1/photoSensor.sv Line: 1
    Info (12023): Found entity 2: PhotoSensor_tb File: C:/Users/noah-/Documents/CSE371/lab1/photoSensor.sv Line: 77
Info (12021): Found 2 design units, including 2 entities, in source file enter_exit_handler.sv
    Info (12023): Found entity 1: enter_exit_handler File: C:/Users/noah-/Documents/CSE371/lab1/enter_exit_handler.sv Line: 1
    Info (12023): Found entity 2: enter_exit_handler_tb File: C:/Users/noah-/Documents/CSE371/lab1/enter_exit_handler.sv Line: 93
Info (12021): Found 1 design units, including 1 entities, in source file de1_soc_tb.sv
    Info (12023): Found entity 1: DE1_SoC_tb File: C:/Users/noah-/Documents/CSE371/lab1/DE1_SoC_tb.sv Line: 1
Info (12021): Found 1 design units, including 1 entities, in source file de1_soc.sv
    Info (12023): Found entity 1: DE1_SoC File: C:/Users/noah-/Documents/CSE371/lab1/DE1_SoC.sv Line: 3
Info (12021): Found 1 design units, including 1 entities, in source file de1_soc_golden_top.v
    Info (12023): Found entity 1: DE1_SOC_golden_top File: C:/Users/noah-/Documents/CSE371/lab1/DE1_SOC_golden_top.v Line: 54
Info (12127): Elaborating entity "photoSensor" for the top level hierarchy
Info (12128): Elaborating entity "enter_exit_handler" for hierarchy "enter_exit_handler:dut" File: C:/Users/noah-/Documents/CSE371/lab1/photoSensor.sv Line: 8
Warning (13024): Output pins are stuck at VCC or GND
    Warning (13410): Pin "HEX1[0]" is stuck at VCC File: C:/Users/noah-/Documents/CSE371/lab1/photoSensor.sv Line: 4
    Warning (13410): Pin "HEX1[4]" is stuck at GND File: C:/Users/noah-/Documents/CSE371/lab1/photoSensor.sv Line: 4
    Warning (13410): Pin "HEX1[5]" is stuck at GND File: C:/Users/noah-/Documents/CSE371/lab1/photoSensor.sv Line: 4
Info (286030): Timing-Driven Synthesis is running
Info (144001): Generated suppressed messages file C:/Users/noah-/Documents/CSE371/lab1/DE1_SoC.map.smsg
Info (16010): Generating hard_block partition "hard_block:auto_generated_inst"
    Info (16011): Adding 0 node(s), including 0 DDIO, 0 PLL, 0 transceiver and 0 LCELL
Info (21057): Implemented 48 device resources after synthesis - the final resource count might be different
    Info (21058): Implemented 4 input pins
    Info (21059): Implemented 16 output pins
    Info (21061): Implemented 28 logic cells
Info: Quartus Prime Analysis & Synthesis was successful. 0 errors, 5 warnings
    Info: Peak virtual memory: 4883 megabytes
    Info: Processing ended: Fri Oct 06 00:33:04 2023
    Info: Elapsed time: 00:00:16
    Info: Total CPU time (on all processors): 00:00:09


+------------------------------------------+
; Analysis & Synthesis Suppressed Messages ;
+------------------------------------------+
The suppressed messages can be found in C:/Users/noah-/Documents/CSE371/lab1/DE1_SoC.map.smsg.
=======
    Info: Processing started: Thu Oct 05 23:40:50 2023
Info: Command: quartus_map --read_settings_files=on --write_settings_files=off DE1_SoC -c DE1_SoC --analysis_and_elaboration
Warning (18236): Number of processors has not been specified which may cause overloading on shared machines.  Set the global assignment NUM_PARALLEL_PROCESSORS in your QSF to an appropriate value for best performance.
Info (20030): Parallel compilation is enabled and will use 8 of the 8 processors detected
Info (12021): Found 2 design units, including 2 entities, in source file counter.sv
    Info (12023): Found entity 1: counter File: C:/Users/AHIMt/Documents/CSE371/lab1/counter.sv Line: 6
    Info (12023): Found entity 2: counter_tb File: C:/Users/AHIMt/Documents/CSE371/lab1/counter.sv Line: 110
Info (12021): Found 2 design units, including 2 entities, in source file cardetection.sv
    Info (12023): Found entity 1: carDetection File: C:/Users/AHIMt/Documents/CSE371/lab1/carDetection.sv Line: 4
    Info (12023): Found entity 2: carDetection_tb File: C:/Users/AHIMt/Documents/CSE371/lab1/carDetection.sv Line: 79
Info (12021): Found 2 design units, including 2 entities, in source file carcounter.sv
    Info (12023): Found entity 1: carCounter File: C:/Users/AHIMt/Documents/CSE371/lab1/carCounter.sv Line: 4
    Info (12023): Found entity 2: carCounter_tb File: C:/Users/AHIMt/Documents/CSE371/lab1/carCounter.sv Line: 153
Info (12021): Found 2 design units, including 2 entities, in source file parkinglotoccupancy.sv
    Info (12023): Found entity 1: parkingLotOccupancy File: C:/Users/AHIMt/Documents/CSE371/lab1/parkingLotOccupancy.sv Line: 1
    Info (12023): Found entity 2: parkingLotOccupancy_tb File: C:/Users/AHIMt/Documents/CSE371/lab1/parkingLotOccupancy.sv Line: 113
Info (12127): Elaborating entity "parkingLotOccupancy" for the top level hierarchy
Info (12128): Elaborating entity "carDetection" for hierarchy "carDetection:outerInner" File: C:/Users/AHIMt/Documents/CSE371/lab1/parkingLotOccupancy.sv Line: 8
Info (12128): Elaborating entity "carCounter" for hierarchy "carCounter:zeroSixteen" File: C:/Users/AHIMt/Documents/CSE371/lab1/parkingLotOccupancy.sv Line: 9
Warning (10230): Verilog HDL assignment warning at carCounter.sv(132): truncated value with size 32 to match size of target (5) File: C:/Users/AHIMt/Documents/CSE371/lab1/carCounter.sv Line: 132
Warning (10230): Verilog HDL assignment warning at carCounter.sv(133): truncated value with size 32 to match size of target (5) File: C:/Users/AHIMt/Documents/CSE371/lab1/carCounter.sv Line: 133
Warning (10230): Verilog HDL assignment warning at carCounter.sv(134): truncated value with size 32 to match size of target (5) File: C:/Users/AHIMt/Documents/CSE371/lab1/carCounter.sv Line: 134
Warning (10230): Verilog HDL assignment warning at carCounter.sv(135): truncated value with size 32 to match size of target (5) File: C:/Users/AHIMt/Documents/CSE371/lab1/carCounter.sv Line: 135
Warning (10230): Verilog HDL assignment warning at carCounter.sv(136): truncated value with size 32 to match size of target (5) File: C:/Users/AHIMt/Documents/CSE371/lab1/carCounter.sv Line: 136
Warning (10230): Verilog HDL assignment warning at carCounter.sv(137): truncated value with size 32 to match size of target (5) File: C:/Users/AHIMt/Documents/CSE371/lab1/carCounter.sv Line: 137
Warning (10230): Verilog HDL assignment warning at carCounter.sv(138): truncated value with size 32 to match size of target (5) File: C:/Users/AHIMt/Documents/CSE371/lab1/carCounter.sv Line: 138
Warning (10230): Verilog HDL assignment warning at carCounter.sv(139): truncated value with size 32 to match size of target (5) File: C:/Users/AHIMt/Documents/CSE371/lab1/carCounter.sv Line: 139
Warning (10230): Verilog HDL assignment warning at carCounter.sv(140): truncated value with size 32 to match size of target (5) File: C:/Users/AHIMt/Documents/CSE371/lab1/carCounter.sv Line: 140
Warning (10230): Verilog HDL assignment warning at carCounter.sv(141): truncated value with size 32 to match size of target (5) File: C:/Users/AHIMt/Documents/CSE371/lab1/carCounter.sv Line: 141
Warning (10230): Verilog HDL assignment warning at carCounter.sv(142): truncated value with size 32 to match size of target (5) File: C:/Users/AHIMt/Documents/CSE371/lab1/carCounter.sv Line: 142
Warning (10230): Verilog HDL assignment warning at carCounter.sv(143): truncated value with size 32 to match size of target (5) File: C:/Users/AHIMt/Documents/CSE371/lab1/carCounter.sv Line: 143
Warning (10230): Verilog HDL assignment warning at carCounter.sv(144): truncated value with size 32 to match size of target (5) File: C:/Users/AHIMt/Documents/CSE371/lab1/carCounter.sv Line: 144
Warning (10230): Verilog HDL assignment warning at carCounter.sv(145): truncated value with size 32 to match size of target (5) File: C:/Users/AHIMt/Documents/CSE371/lab1/carCounter.sv Line: 145
Warning (10230): Verilog HDL assignment warning at carCounter.sv(146): truncated value with size 32 to match size of target (5) File: C:/Users/AHIMt/Documents/CSE371/lab1/carCounter.sv Line: 146
Warning (10230): Verilog HDL assignment warning at carCounter.sv(147): truncated value with size 32 to match size of target (5) File: C:/Users/AHIMt/Documents/CSE371/lab1/carCounter.sv Line: 147
Warning (10230): Verilog HDL assignment warning at carCounter.sv(148): truncated value with size 32 to match size of target (5) File: C:/Users/AHIMt/Documents/CSE371/lab1/carCounter.sv Line: 148
Info: Quartus Prime Analysis & Elaboration was successful. 0 errors, 18 warnings
    Info: Peak virtual memory: 4770 megabytes
    Info: Processing ended: Thu Oct 05 23:41:02 2023
    Info: Elapsed time: 00:00:12
    Info: Total CPU time (on all processors): 00:00:28
>>>>>>> af10525df4666732e1a9f035e57ffbcdb4fa08dc


