Analysis & Synthesis report for lab_general
Fri Oct 13 02:16:26 2023
Quartus Prime Version 17.0.0 Build 595 04/25/2017 SJ Lite Edition


---------------------
; Table of Contents ;
---------------------
  1. Legal Notice
  2. Analysis & Synthesis Summary
  3. Analysis & Synthesis Settings
  4. Parallel Compilation
  5. Analysis & Synthesis Source Files Read
  6. Analysis & Synthesis Resource Usage Summary
  7. Analysis & Synthesis Resource Utilization by Entity
  8. Analysis & Synthesis RAM Summary
  9. Analysis & Synthesis IP Cores Summary
 10. General Register Statistics
 11. Multiplexer Restructuring Statistics (Restructuring Performed)
 12. Source assignments for task3:ram2|ram32x3port2:ram|altsyncram:altsyncram_component|altsyncram_1g12:auto_generated
 13. Parameter Settings for User Entity Instance: task3:ram2|ram32x3port2:ram|altsyncram:altsyncram_component
 14. Parameter Settings for Inferred Entity Instance: lpm_divide:Mod1
 15. Parameter Settings for Inferred Entity Instance: lpm_divide:Div1
 16. Parameter Settings for Inferred Entity Instance: lpm_divide:Mod0
 17. Parameter Settings for Inferred Entity Instance: lpm_divide:Div0
 18. altsyncram Parameter Settings by Entity Instance
 19. Port Connectivity Checks: "seg7:hex0"
 20. Port Connectivity Checks: "seg7:hex1"
 21. Port Connectivity Checks: "seg7:hex2"
 22. Port Connectivity Checks: "seg7:hex3"
 23. Port Connectivity Checks: "seg7:hex4"
 24. Port Connectivity Checks: "seg7:hex5"
 25. Post-Synthesis Netlist Statistics for Top Partition
 26. Elapsed Time Per Partition
 27. Analysis & Synthesis Messages
 28. Analysis & Synthesis Suppressed Messages



----------------
; Legal Notice ;
----------------
Copyright (C) 2017  Intel Corporation. All rights reserved.
Your use of Intel Corporation's design tools, logic functions 
and other software and tools, and its AMPP partner logic 
functions, and any output files from any of the foregoing 
(including device programming or simulation files), and any 
associated documentation or information are expressly subject 
to the terms and conditions of the Intel Program License 
Subscription Agreement, the Intel Quartus Prime License Agreement,
the Intel MegaCore Function License Agreement, or other 
applicable license agreement, including, without limitation, 
that your use is for the sole purpose of programming logic 
devices manufactured by Intel and sold by Intel or its 
authorized distributors.  Please refer to the applicable 
agreement for further details.



+-------------------------------------------------------------------------------+
; Analysis & Synthesis Summary                                                  ;
+---------------------------------+---------------------------------------------+
; Analysis & Synthesis Status     ; Successful - Fri Oct 13 02:16:26 2023       ;
; Quartus Prime Version           ; 17.0.0 Build 595 04/25/2017 SJ Lite Edition ;
; Revision Name                   ; lab_general                                 ;
; Top-level Entity Name           ; DE1_SoC                                     ;
; Family                          ; Cyclone V                                   ;
; Logic utilization (in ALMs)     ; N/A                                         ;
; Total registers                 ; 114                                         ;
; Total pins                      ; 88                                          ;
; Total virtual pins              ; 0                                           ;
; Total block memory bits         ; 96                                          ;
; Total DSP Blocks                ; 0                                           ;
; Total HSSI RX PCSs              ; 0                                           ;
; Total HSSI PMA RX Deserializers ; 0                                           ;
; Total HSSI TX PCSs              ; 0                                           ;
; Total HSSI PMA TX Serializers   ; 0                                           ;
; Total PLLs                      ; 0                                           ;
; Total DLLs                      ; 0                                           ;
+---------------------------------+---------------------------------------------+


+---------------------------------------------------------------------------------------------------------------------------+
; Analysis & Synthesis Settings                                                                                             ;
+---------------------------------------------------------------------------------+--------------------+--------------------+
; Option                                                                          ; Setting            ; Default Value      ;
+---------------------------------------------------------------------------------+--------------------+--------------------+
; Device                                                                          ; 5CGXFC7C7F23C8     ;                    ;
; Top-level entity name                                                           ; DE1_SoC            ; lab_general        ;
; Family name                                                                     ; Cyclone V          ; Cyclone V          ;
; Use smart compilation                                                           ; Off                ; Off                ;
; Enable parallel Assembler and TimeQuest Timing Analyzer during compilation      ; On                 ; On                 ;
; Enable compact report table                                                     ; Off                ; Off                ;
; Restructure Multiplexers                                                        ; Auto               ; Auto               ;
; MLAB Add Timing Constraints For Mixed-Port Feed-Through Mode Setting Don't Care ; Off                ; Off                ;
; Create Debugging Nodes for IP Cores                                             ; Off                ; Off                ;
; Preserve fewer node names                                                       ; On                 ; On                 ;
; OpenCore Plus hardware evaluation                                               ; Enable             ; Enable             ;
; Verilog Version                                                                 ; Verilog_2001       ; Verilog_2001       ;
; VHDL Version                                                                    ; VHDL_1993          ; VHDL_1993          ;
; State Machine Processing                                                        ; Auto               ; Auto               ;
; Safe State Machine                                                              ; Off                ; Off                ;
; Extract Verilog State Machines                                                  ; On                 ; On                 ;
; Extract VHDL State Machines                                                     ; On                 ; On                 ;
; Ignore Verilog initial constructs                                               ; Off                ; Off                ;
; Iteration limit for constant Verilog loops                                      ; 5000               ; 5000               ;
; Iteration limit for non-constant Verilog loops                                  ; 250                ; 250                ;
; Add Pass-Through Logic to Inferred RAMs                                         ; On                 ; On                 ;
; Infer RAMs from Raw Logic                                                       ; On                 ; On                 ;
; Parallel Synthesis                                                              ; On                 ; On                 ;
; DSP Block Balancing                                                             ; Auto               ; Auto               ;
; NOT Gate Push-Back                                                              ; On                 ; On                 ;
; Power-Up Don't Care                                                             ; On                 ; On                 ;
; Remove Redundant Logic Cells                                                    ; Off                ; Off                ;
; Remove Duplicate Registers                                                      ; On                 ; On                 ;
; Ignore CARRY Buffers                                                            ; Off                ; Off                ;
; Ignore CASCADE Buffers                                                          ; Off                ; Off                ;
; Ignore GLOBAL Buffers                                                           ; Off                ; Off                ;
; Ignore ROW GLOBAL Buffers                                                       ; Off                ; Off                ;
; Ignore LCELL Buffers                                                            ; Off                ; Off                ;
; Ignore SOFT Buffers                                                             ; On                 ; On                 ;
; Limit AHDL Integers to 32 Bits                                                  ; Off                ; Off                ;
; Optimization Technique                                                          ; Balanced           ; Balanced           ;
; Carry Chain Length                                                              ; 70                 ; 70                 ;
; Auto Carry Chains                                                               ; On                 ; On                 ;
; Auto Open-Drain Pins                                                            ; On                 ; On                 ;
; Perform WYSIWYG Primitive Resynthesis                                           ; Off                ; Off                ;
; Auto ROM Replacement                                                            ; On                 ; On                 ;
; Auto RAM Replacement                                                            ; On                 ; On                 ;
; Auto DSP Block Replacement                                                      ; On                 ; On                 ;
; Auto Shift Register Replacement                                                 ; Auto               ; Auto               ;
; Allow Shift Register Merging across Hierarchies                                 ; Auto               ; Auto               ;
; Auto Clock Enable Replacement                                                   ; On                 ; On                 ;
; Strict RAM Replacement                                                          ; Off                ; Off                ;
; Allow Synchronous Control Signals                                               ; On                 ; On                 ;
; Force Use of Synchronous Clear Signals                                          ; Off                ; Off                ;
; Auto Resource Sharing                                                           ; Off                ; Off                ;
; Allow Any RAM Size For Recognition                                              ; Off                ; Off                ;
; Allow Any ROM Size For Recognition                                              ; Off                ; Off                ;
; Allow Any Shift Register Size For Recognition                                   ; Off                ; Off                ;
; Use LogicLock Constraints during Resource Balancing                             ; On                 ; On                 ;
; Ignore translate_off and synthesis_off directives                               ; Off                ; Off                ;
; Timing-Driven Synthesis                                                         ; On                 ; On                 ;
; Report Parameter Settings                                                       ; On                 ; On                 ;
; Report Source Assignments                                                       ; On                 ; On                 ;
; Report Connectivity Checks                                                      ; On                 ; On                 ;
; Ignore Maximum Fan-Out Assignments                                              ; Off                ; Off                ;
; Synchronization Register Chain Length                                           ; 3                  ; 3                  ;
; PowerPlay Power Optimization During Synthesis                                   ; Normal compilation ; Normal compilation ;
; HDL message level                                                               ; Level2             ; Level2             ;
; Suppress Register Optimization Related Messages                                 ; Off                ; Off                ;
; Number of Removed Registers Reported in Synthesis Report                        ; 5000               ; 5000               ;
; Number of Swept Nodes Reported in Synthesis Report                              ; 5000               ; 5000               ;
; Number of Inverted Registers Reported in Synthesis Report                       ; 100                ; 100                ;
; Clock MUX Protection                                                            ; On                 ; On                 ;
; Auto Gated Clock Conversion                                                     ; Off                ; Off                ;
; Block Design Naming                                                             ; Auto               ; Auto               ;
; SDC constraint protection                                                       ; Off                ; Off                ;
; Synthesis Effort                                                                ; Auto               ; Auto               ;
; Shift Register Replacement - Allow Asynchronous Clear Signal                    ; On                 ; On                 ;
; Pre-Mapping Resynthesis Optimization                                            ; Off                ; Off                ;
; Analysis & Synthesis Message Level                                              ; Medium             ; Medium             ;
; Disable Register Merging Across Hierarchies                                     ; Auto               ; Auto               ;
; Resource Aware Inference For Block RAM                                          ; On                 ; On                 ;
; Automatic Parallel Synthesis                                                    ; On                 ; On                 ;
; Partial Reconfiguration Bitstream ID                                            ; Off                ; Off                ;
+---------------------------------------------------------------------------------+--------------------+--------------------+


+------------------------------------------+
; Parallel Compilation                     ;
+----------------------------+-------------+
; Processors                 ; Number      ;
+----------------------------+-------------+
; Number detected on machine ; 8           ;
; Maximum allowed            ; 8           ;
;                            ;             ;
; Average used               ; 1.00        ;
; Maximum used               ; 8           ;
;                            ;             ;
; Usage by Processor         ; % Time Used ;
;     Processor 1            ; 100.0%      ;
;     Processors 2-8         ;   0.0%      ;
+----------------------------+-------------+


+----------------------------------------------------------------------------------------------------------------------------------------------------------------------------------+
; Analysis & Synthesis Source Files Read                                                                                                                                           ;
+----------------------------------+-----------------+------------------------------------+------------------------------------------------------------------------------+---------+
; File Name with User-Entered Path ; Used in Netlist ; File Type                          ; File Name with Absolute Path                                                 ; Library ;
+----------------------------------+-----------------+------------------------------------+------------------------------------------------------------------------------+---------+
; DE1_SoC.sv                       ; yes             ; User SystemVerilog HDL File        ; C:/Users/Daddy/Documents/CSE371/lab2/DE1_SoC.sv                              ;         ;
; seg7.sv                          ; yes             ; User SystemVerilog HDL File        ; C:/Users/Daddy/Documents/CSE371/lab2/seg7.sv                                 ;         ;
; ram32x3port2.v                   ; yes             ; User Wizard-Generated File         ; C:/Users/Daddy/Documents/CSE371/lab2/ram32x3port2.v                          ;         ;
; ram32x3.mif                      ; yes             ; User Memory Initialization File    ; C:/Users/Daddy/Documents/CSE371/lab2/ram32x3.mif                             ;         ;
; task2.sv                         ; yes             ; Auto-Found SystemVerilog HDL File  ; C:/Users/Daddy/Documents/CSE371/lab2/task2.sv                                ;         ;
; task3.sv                         ; yes             ; Auto-Found SystemVerilog HDL File  ; C:/Users/Daddy/Documents/CSE371/lab2/task3.sv                                ;         ;
; altsyncram.tdf                   ; yes             ; Megafunction                       ; c:/intelfpga_lite/17.0/quartus/libraries/megafunctions/altsyncram.tdf        ;         ;
; stratix_ram_block.inc            ; yes             ; Megafunction                       ; c:/intelfpga_lite/17.0/quartus/libraries/megafunctions/stratix_ram_block.inc ;         ;
; lpm_mux.inc                      ; yes             ; Megafunction                       ; c:/intelfpga_lite/17.0/quartus/libraries/megafunctions/lpm_mux.inc           ;         ;
; lpm_decode.inc                   ; yes             ; Megafunction                       ; c:/intelfpga_lite/17.0/quartus/libraries/megafunctions/lpm_decode.inc        ;         ;
; aglobal170.inc                   ; yes             ; Megafunction                       ; c:/intelfpga_lite/17.0/quartus/libraries/megafunctions/aglobal170.inc        ;         ;
; a_rdenreg.inc                    ; yes             ; Megafunction                       ; c:/intelfpga_lite/17.0/quartus/libraries/megafunctions/a_rdenreg.inc         ;         ;
; altrom.inc                       ; yes             ; Megafunction                       ; c:/intelfpga_lite/17.0/quartus/libraries/megafunctions/altrom.inc            ;         ;
; altram.inc                       ; yes             ; Megafunction                       ; c:/intelfpga_lite/17.0/quartus/libraries/megafunctions/altram.inc            ;         ;
; altdpram.inc                     ; yes             ; Megafunction                       ; c:/intelfpga_lite/17.0/quartus/libraries/megafunctions/altdpram.inc          ;         ;
; db/altsyncram_1g12.tdf           ; yes             ; Auto-Generated Megafunction        ; C:/Users/Daddy/Documents/CSE371/lab2/db/altsyncram_1g12.tdf                  ;         ;
; lpm_divide.tdf                   ; yes             ; Megafunction                       ; c:/intelfpga_lite/17.0/quartus/libraries/megafunctions/lpm_divide.tdf        ;         ;
; abs_divider.inc                  ; yes             ; Megafunction                       ; c:/intelfpga_lite/17.0/quartus/libraries/megafunctions/abs_divider.inc       ;         ;
; sign_div_unsign.inc              ; yes             ; Megafunction                       ; c:/intelfpga_lite/17.0/quartus/libraries/megafunctions/sign_div_unsign.inc   ;         ;
; db/lpm_divide_52m.tdf            ; yes             ; Auto-Generated Megafunction        ; C:/Users/Daddy/Documents/CSE371/lab2/db/lpm_divide_52m.tdf                   ;         ;
; db/sign_div_unsign_8kh.tdf       ; yes             ; Auto-Generated Megafunction        ; C:/Users/Daddy/Documents/CSE371/lab2/db/sign_div_unsign_8kh.tdf              ;         ;
; db/alt_u_div_mse.tdf             ; yes             ; Auto-Generated Megafunction        ; C:/Users/Daddy/Documents/CSE371/lab2/db/alt_u_div_mse.tdf                    ;         ;
; db/lpm_divide_2am.tdf            ; yes             ; Auto-Generated Megafunction        ; C:/Users/Daddy/Documents/CSE371/lab2/db/lpm_divide_2am.tdf                   ;         ;
+----------------------------------+-----------------+------------------------------------+------------------------------------------------------------------------------+---------+


+---------------------------------------------------------------+
; Analysis & Synthesis Resource Usage Summary                   ;
+---------------------------------------------+-----------------+
; Resource                                    ; Usage           ;
+---------------------------------------------+-----------------+
; Estimate of Logic utilization (ALMs needed) ; 111             ;
;                                             ;                 ;
; Combinational ALUT usage for logic          ; 159             ;
;     -- 7 input functions                    ; 24              ;
;     -- 6 input functions                    ; 5               ;
;     -- 5 input functions                    ; 13              ;
;     -- 4 input functions                    ; 25              ;
;     -- <=3 input functions                  ; 92              ;
;                                             ;                 ;
; Dedicated logic registers                   ; 114             ;
;                                             ;                 ;
; I/O pins                                    ; 88              ;
; Total MLAB memory bits                      ; 0               ;
; Total block memory bits                     ; 96              ;
;                                             ;                 ;
; Total DSP Blocks                            ; 0               ;
;                                             ;                 ;
; Maximum fan-out node                        ; V_GPIO[0]~input ;
; Maximum fan-out                             ; 117             ;
; Total fan-out                               ; 1120            ;
; Average fan-out                             ; 2.30            ;
+---------------------------------------------+-----------------+


+-------------------------------------------------------------------------------------------------------------------------------------------------------------------------------------------------------------------------------------------------------------------------------------------------------+
; Analysis & Synthesis Resource Utilization by Entity                                                                                                                                                                                                                                                   ;
+----------------------------------------------+---------------------+---------------------------+-------------------+------------+------+--------------+----------------------------------------------------------------------------------------------------------+---------------------+--------------+
; Compilation Hierarchy Node                   ; Combinational ALUTs ; Dedicated Logic Registers ; Block Memory Bits ; DSP Blocks ; Pins ; Virtual Pins ; Full Hierarchy Name                                                                                      ; Entity Name         ; Library Name ;
+----------------------------------------------+---------------------+---------------------------+-------------------+------------+------+--------------+----------------------------------------------------------------------------------------------------------+---------------------+--------------+
; |DE1_SoC                                     ; 159 (11)            ; 114 (5)                   ; 96                ; 0          ; 88   ; 0            ; |DE1_SoC                                                                                                 ; DE1_SoC             ; work         ;
;    |lpm_divide:Div0|                         ; 16 (0)              ; 0 (0)                     ; 0                 ; 0          ; 0    ; 0            ; |DE1_SoC|lpm_divide:Div0                                                                                 ; lpm_divide          ; work         ;
;       |lpm_divide_2am:auto_generated|        ; 16 (0)              ; 0 (0)                     ; 0                 ; 0          ; 0    ; 0            ; |DE1_SoC|lpm_divide:Div0|lpm_divide_2am:auto_generated                                                   ; lpm_divide_2am      ; work         ;
;          |sign_div_unsign_8kh:divider|       ; 16 (0)              ; 0 (0)                     ; 0                 ; 0          ; 0    ; 0            ; |DE1_SoC|lpm_divide:Div0|lpm_divide_2am:auto_generated|sign_div_unsign_8kh:divider                       ; sign_div_unsign_8kh ; work         ;
;             |alt_u_div_mse:divider|          ; 16 (16)             ; 0 (0)                     ; 0                 ; 0          ; 0    ; 0            ; |DE1_SoC|lpm_divide:Div0|lpm_divide_2am:auto_generated|sign_div_unsign_8kh:divider|alt_u_div_mse:divider ; alt_u_div_mse       ; work         ;
;    |lpm_divide:Div1|                         ; 16 (0)              ; 0 (0)                     ; 0                 ; 0          ; 0    ; 0            ; |DE1_SoC|lpm_divide:Div1                                                                                 ; lpm_divide          ; work         ;
;       |lpm_divide_2am:auto_generated|        ; 16 (0)              ; 0 (0)                     ; 0                 ; 0          ; 0    ; 0            ; |DE1_SoC|lpm_divide:Div1|lpm_divide_2am:auto_generated                                                   ; lpm_divide_2am      ; work         ;
;          |sign_div_unsign_8kh:divider|       ; 16 (0)              ; 0 (0)                     ; 0                 ; 0          ; 0    ; 0            ; |DE1_SoC|lpm_divide:Div1|lpm_divide_2am:auto_generated|sign_div_unsign_8kh:divider                       ; sign_div_unsign_8kh ; work         ;
;             |alt_u_div_mse:divider|          ; 16 (16)             ; 0 (0)                     ; 0                 ; 0          ; 0    ; 0            ; |DE1_SoC|lpm_divide:Div1|lpm_divide_2am:auto_generated|sign_div_unsign_8kh:divider|alt_u_div_mse:divider ; alt_u_div_mse       ; work         ;
;    |lpm_divide:Mod0|                         ; 17 (0)              ; 0 (0)                     ; 0                 ; 0          ; 0    ; 0            ; |DE1_SoC|lpm_divide:Mod0                                                                                 ; lpm_divide          ; work         ;
;       |lpm_divide_52m:auto_generated|        ; 17 (0)              ; 0 (0)                     ; 0                 ; 0          ; 0    ; 0            ; |DE1_SoC|lpm_divide:Mod0|lpm_divide_52m:auto_generated                                                   ; lpm_divide_52m      ; work         ;
;          |sign_div_unsign_8kh:divider|       ; 17 (0)              ; 0 (0)                     ; 0                 ; 0          ; 0    ; 0            ; |DE1_SoC|lpm_divide:Mod0|lpm_divide_52m:auto_generated|sign_div_unsign_8kh:divider                       ; sign_div_unsign_8kh ; work         ;
;             |alt_u_div_mse:divider|          ; 17 (17)             ; 0 (0)                     ; 0                 ; 0          ; 0    ; 0            ; |DE1_SoC|lpm_divide:Mod0|lpm_divide_52m:auto_generated|sign_div_unsign_8kh:divider|alt_u_div_mse:divider ; alt_u_div_mse       ; work         ;
;    |lpm_divide:Mod1|                         ; 16 (0)              ; 0 (0)                     ; 0                 ; 0          ; 0    ; 0            ; |DE1_SoC|lpm_divide:Mod1                                                                                 ; lpm_divide          ; work         ;
;       |lpm_divide_52m:auto_generated|        ; 16 (0)              ; 0 (0)                     ; 0                 ; 0          ; 0    ; 0            ; |DE1_SoC|lpm_divide:Mod1|lpm_divide_52m:auto_generated                                                   ; lpm_divide_52m      ; work         ;
;          |sign_div_unsign_8kh:divider|       ; 16 (0)              ; 0 (0)                     ; 0                 ; 0          ; 0    ; 0            ; |DE1_SoC|lpm_divide:Mod1|lpm_divide_52m:auto_generated|sign_div_unsign_8kh:divider                       ; sign_div_unsign_8kh ; work         ;
;             |alt_u_div_mse:divider|          ; 16 (16)             ; 0 (0)                     ; 0                 ; 0          ; 0    ; 0            ; |DE1_SoC|lpm_divide:Mod1|lpm_divide_52m:auto_generated|sign_div_unsign_8kh:divider|alt_u_div_mse:divider ; alt_u_div_mse       ; work         ;
;    |seg7:hex0|                               ; 7 (7)               ; 0 (0)                     ; 0                 ; 0          ; 0    ; 0            ; |DE1_SoC|seg7:hex0                                                                                       ; seg7                ; work         ;
;    |seg7:hex1|                               ; 7 (7)               ; 0 (0)                     ; 0                 ; 0          ; 0    ; 0            ; |DE1_SoC|seg7:hex1                                                                                       ; seg7                ; work         ;
;    |task2:ram1|                              ; 68 (68)             ; 99 (99)                   ; 0                 ; 0          ; 0    ; 0            ; |DE1_SoC|task2:ram1                                                                                      ; task2               ; work         ;
;    |task3:ram2|                              ; 1 (1)               ; 10 (10)                   ; 96                ; 0          ; 0    ; 0            ; |DE1_SoC|task3:ram2                                                                                      ; task3               ; work         ;
;       |ram32x3port2:ram|                     ; 0 (0)               ; 0 (0)                     ; 96                ; 0          ; 0    ; 0            ; |DE1_SoC|task3:ram2|ram32x3port2:ram                                                                     ; ram32x3port2        ; work         ;
;          |altsyncram:altsyncram_component|   ; 0 (0)               ; 0 (0)                     ; 96                ; 0          ; 0    ; 0            ; |DE1_SoC|task3:ram2|ram32x3port2:ram|altsyncram:altsyncram_component                                     ; altsyncram          ; work         ;
;             |altsyncram_1g12:auto_generated| ; 0 (0)               ; 0 (0)                     ; 96                ; 0          ; 0    ; 0            ; |DE1_SoC|task3:ram2|ram32x3port2:ram|altsyncram:altsyncram_component|altsyncram_1g12:auto_generated      ; altsyncram_1g12     ; work         ;
+----------------------------------------------+---------------------+---------------------------+-------------------+------------+------+--------------+----------------------------------------------------------------------------------------------------------+---------------------+--------------+
Note: For table entries with two numbers listed, the numbers in parentheses indicate the number of resources of the given type used by the specific entity alone. The numbers listed outside of parentheses indicate the total resources of the given type used by the specific entity and all of its sub-entities in the hierarchy.


+------------------------------------------------------------------------------------------------------------------------------------------------------------------------------------------------------------------------+
; Analysis & Synthesis RAM Summary                                                                                                                                                                                       ;
+-------------------------------------------------------------------------------------------------------+------------+------------------+--------------+--------------+--------------+--------------+------+-------------+
; Name                                                                                                  ; Type       ; Mode             ; Port A Depth ; Port A Width ; Port B Depth ; Port B Width ; Size ; MIF         ;
+-------------------------------------------------------------------------------------------------------+------------+------------------+--------------+--------------+--------------+--------------+------+-------------+
; task3:ram2|ram32x3port2:ram|altsyncram:altsyncram_component|altsyncram_1g12:auto_generated|ALTSYNCRAM ; M10K block ; Simple Dual Port ; 32           ; 3            ; 32           ; 3            ; 96   ; ram32x3.mif ;
+-------------------------------------------------------------------------------------------------------+------------+------------------+--------------+--------------+--------------+--------------+------+-------------+


+------------------------------------------------------------------------------------------------------------------------+
; Analysis & Synthesis IP Cores Summary                                                                                  ;
+--------+--------------+---------+--------------+--------------+--------------------------------------+-----------------+
; Vendor ; IP Core Name ; Version ; Release Date ; License Type ; Entity Instance                      ; IP Include File ;
+--------+--------------+---------+--------------+--------------+--------------------------------------+-----------------+
; Altera ; RAM: 2-PORT  ; 17.0    ; N/A          ; N/A          ; |DE1_SoC|task3:ram2|ram32x3port2:ram ; ram32x3port2.v  ;
+--------+--------------+---------+--------------+--------------+--------------------------------------+-----------------+


+------------------------------------------------------+
; General Register Statistics                          ;
+----------------------------------------------+-------+
; Statistic                                    ; Value ;
+----------------------------------------------+-------+
; Total registers                              ; 114   ;
; Number of registers using Synchronous Clear  ; 10    ;
; Number of registers using Synchronous Load   ; 0     ;
; Number of registers using Asynchronous Clear ; 0     ;
; Number of registers using Asynchronous Load  ; 0     ;
; Number of registers using Clock Enable       ; 109   ;
; Number of registers using Preset             ; 0     ;
+----------------------------------------------+-------+


+----------------------------------------------------------------------------------------------------------------------------------------------+
; Multiplexer Restructuring Statistics (Restructuring Performed)                                                                               ;
+--------------------+-----------+---------------+----------------------+------------------------+------------+--------------------------------+
; Multiplexer Inputs ; Bus Width ; Baseline Area ; Area if Restructured ; Saving if Restructured ; Registered ; Example Multiplexer Output     ;
+--------------------+-----------+---------------+----------------------+------------------------+------------+--------------------------------+
; 3:1                ; 10 bits   ; 20 LEs        ; 0 LEs                ; 20 LEs                 ; Yes        ; |DE1_SoC|task3:ram2|rdaddr[1]  ;
; 3:1                ; 3 bits    ; 6 LEs         ; 3 LEs                ; 3 LEs                  ; Yes        ; |DE1_SoC|task2:ram1|dataout[0] ;
+--------------------+-----------+---------------+----------------------+------------------------+------------+--------------------------------+


+-------------------------------------------------------------------------------------------------------------------+
; Source assignments for task3:ram2|ram32x3port2:ram|altsyncram:altsyncram_component|altsyncram_1g12:auto_generated ;
+---------------------------------+--------------------+------+-----------------------------------------------------+
; Assignment                      ; Value              ; From ; To                                                  ;
+---------------------------------+--------------------+------+-----------------------------------------------------+
; OPTIMIZE_POWER_DURING_SYNTHESIS ; NORMAL_COMPILATION ; -    ; -                                                   ;
+---------------------------------+--------------------+------+-----------------------------------------------------+


+----------------------------------------------------------------------------------------------------------+
; Parameter Settings for User Entity Instance: task3:ram2|ram32x3port2:ram|altsyncram:altsyncram_component ;
+------------------------------------+----------------------+----------------------------------------------+
; Parameter Name                     ; Value                ; Type                                         ;
+------------------------------------+----------------------+----------------------------------------------+
; BYTE_SIZE_BLOCK                    ; 8                    ; Untyped                                      ;
; AUTO_CARRY_CHAINS                  ; ON                   ; AUTO_CARRY                                   ;
; IGNORE_CARRY_BUFFERS               ; OFF                  ; IGNORE_CARRY                                 ;
; AUTO_CASCADE_CHAINS                ; ON                   ; AUTO_CASCADE                                 ;
; IGNORE_CASCADE_BUFFERS             ; OFF                  ; IGNORE_CASCADE                               ;
; WIDTH_BYTEENA                      ; 1                    ; Untyped                                      ;
; OPERATION_MODE                     ; DUAL_PORT            ; Untyped                                      ;
; WIDTH_A                            ; 3                    ; Signed Integer                               ;
; WIDTHAD_A                          ; 5                    ; Signed Integer                               ;
; NUMWORDS_A                         ; 32                   ; Signed Integer                               ;
; OUTDATA_REG_A                      ; UNREGISTERED         ; Untyped                                      ;
; ADDRESS_ACLR_A                     ; NONE                 ; Untyped                                      ;
; OUTDATA_ACLR_A                     ; NONE                 ; Untyped                                      ;
; WRCONTROL_ACLR_A                   ; NONE                 ; Untyped                                      ;
; INDATA_ACLR_A                      ; NONE                 ; Untyped                                      ;
; BYTEENA_ACLR_A                     ; NONE                 ; Untyped                                      ;
; WIDTH_B                            ; 3                    ; Signed Integer                               ;
; WIDTHAD_B                          ; 5                    ; Signed Integer                               ;
; NUMWORDS_B                         ; 32                   ; Signed Integer                               ;
; INDATA_REG_B                       ; CLOCK1               ; Untyped                                      ;
; WRCONTROL_WRADDRESS_REG_B          ; CLOCK1               ; Untyped                                      ;
; RDCONTROL_REG_B                    ; CLOCK1               ; Untyped                                      ;
; ADDRESS_REG_B                      ; CLOCK0               ; Untyped                                      ;
; OUTDATA_REG_B                      ; CLOCK0               ; Untyped                                      ;
; BYTEENA_REG_B                      ; CLOCK1               ; Untyped                                      ;
; INDATA_ACLR_B                      ; NONE                 ; Untyped                                      ;
; WRCONTROL_ACLR_B                   ; NONE                 ; Untyped                                      ;
; ADDRESS_ACLR_B                     ; NONE                 ; Untyped                                      ;
; OUTDATA_ACLR_B                     ; NONE                 ; Untyped                                      ;
; RDCONTROL_ACLR_B                   ; NONE                 ; Untyped                                      ;
; BYTEENA_ACLR_B                     ; NONE                 ; Untyped                                      ;
; WIDTH_BYTEENA_A                    ; 1                    ; Signed Integer                               ;
; WIDTH_BYTEENA_B                    ; 1                    ; Untyped                                      ;
; RAM_BLOCK_TYPE                     ; M10K                 ; Untyped                                      ;
; BYTE_SIZE                          ; 8                    ; Untyped                                      ;
; READ_DURING_WRITE_MODE_MIXED_PORTS ; DONT_CARE            ; Untyped                                      ;
; READ_DURING_WRITE_MODE_PORT_A      ; NEW_DATA_NO_NBE_READ ; Untyped                                      ;
; READ_DURING_WRITE_MODE_PORT_B      ; NEW_DATA_NO_NBE_READ ; Untyped                                      ;
; INIT_FILE                          ; ram32x3.mif          ; Untyped                                      ;
; INIT_FILE_LAYOUT                   ; PORT_A               ; Untyped                                      ;
; MAXIMUM_DEPTH                      ; 0                    ; Untyped                                      ;
; CLOCK_ENABLE_INPUT_A               ; BYPASS               ; Untyped                                      ;
; CLOCK_ENABLE_INPUT_B               ; BYPASS               ; Untyped                                      ;
; CLOCK_ENABLE_OUTPUT_A              ; NORMAL               ; Untyped                                      ;
; CLOCK_ENABLE_OUTPUT_B              ; BYPASS               ; Untyped                                      ;
; CLOCK_ENABLE_CORE_A                ; USE_INPUT_CLKEN      ; Untyped                                      ;
; CLOCK_ENABLE_CORE_B                ; USE_INPUT_CLKEN      ; Untyped                                      ;
; ENABLE_ECC                         ; FALSE                ; Untyped                                      ;
; ECC_PIPELINE_STAGE_ENABLED         ; FALSE                ; Untyped                                      ;
; WIDTH_ECCSTATUS                    ; 3                    ; Untyped                                      ;
; DEVICE_FAMILY                      ; Cyclone V            ; Untyped                                      ;
; CBXI_PARAMETER                     ; altsyncram_1g12      ; Untyped                                      ;
+------------------------------------+----------------------+----------------------------------------------+
Note: In order to hide this table in the UI and the text report file, please set the "Show Parameter Settings in Synthesis Report" option in "Analysis and Synthesis Settings -> More Settings" to "Off".


+------------------------------------------------------------------+
; Parameter Settings for Inferred Entity Instance: lpm_divide:Mod1 ;
+------------------------+----------------+------------------------+
; Parameter Name         ; Value          ; Type                   ;
+------------------------+----------------+------------------------+
; LPM_WIDTHN             ; 5              ; Untyped                ;
; LPM_WIDTHD             ; 4              ; Untyped                ;
; LPM_NREPRESENTATION    ; UNSIGNED       ; Untyped                ;
; LPM_DREPRESENTATION    ; UNSIGNED       ; Untyped                ;
; LPM_PIPELINE           ; 0              ; Untyped                ;
; LPM_REMAINDERPOSITIVE  ; TRUE           ; Untyped                ;
; MAXIMIZE_SPEED         ; 5              ; Untyped                ;
; CBXI_PARAMETER         ; lpm_divide_52m ; Untyped                ;
; CARRY_CHAIN            ; MANUAL         ; Untyped                ;
; OPTIMIZE_FOR_SPEED     ; 5              ; Untyped                ;
; AUTO_CARRY_CHAINS      ; ON             ; AUTO_CARRY             ;
; IGNORE_CARRY_BUFFERS   ; OFF            ; IGNORE_CARRY           ;
; AUTO_CASCADE_CHAINS    ; ON             ; AUTO_CASCADE           ;
; IGNORE_CASCADE_BUFFERS ; OFF            ; IGNORE_CASCADE         ;
+------------------------+----------------+------------------------+
Note: In order to hide this table in the UI and the text report file, please set the "Show Parameter Settings in Synthesis Report" option in "Analysis and Synthesis Settings -> More Settings" to "Off".


+------------------------------------------------------------------+
; Parameter Settings for Inferred Entity Instance: lpm_divide:Div1 ;
+------------------------+----------------+------------------------+
; Parameter Name         ; Value          ; Type                   ;
+------------------------+----------------+------------------------+
; LPM_WIDTHN             ; 5              ; Untyped                ;
; LPM_WIDTHD             ; 4              ; Untyped                ;
; LPM_NREPRESENTATION    ; UNSIGNED       ; Untyped                ;
; LPM_DREPRESENTATION    ; UNSIGNED       ; Untyped                ;
; LPM_PIPELINE           ; 0              ; Untyped                ;
; LPM_REMAINDERPOSITIVE  ; TRUE           ; Untyped                ;
; MAXIMIZE_SPEED         ; 5              ; Untyped                ;
; CBXI_PARAMETER         ; lpm_divide_2am ; Untyped                ;
; CARRY_CHAIN            ; MANUAL         ; Untyped                ;
; OPTIMIZE_FOR_SPEED     ; 5              ; Untyped                ;
; AUTO_CARRY_CHAINS      ; ON             ; AUTO_CARRY             ;
; IGNORE_CARRY_BUFFERS   ; OFF            ; IGNORE_CARRY           ;
; AUTO_CASCADE_CHAINS    ; ON             ; AUTO_CASCADE           ;
; IGNORE_CASCADE_BUFFERS ; OFF            ; IGNORE_CASCADE         ;
+------------------------+----------------+------------------------+
Note: In order to hide this table in the UI and the text report file, please set the "Show Parameter Settings in Synthesis Report" option in "Analysis and Synthesis Settings -> More Settings" to "Off".


+------------------------------------------------------------------+
; Parameter Settings for Inferred Entity Instance: lpm_divide:Mod0 ;
+------------------------+----------------+------------------------+
; Parameter Name         ; Value          ; Type                   ;
+------------------------+----------------+------------------------+
; LPM_WIDTHN             ; 5              ; Untyped                ;
; LPM_WIDTHD             ; 4              ; Untyped                ;
; LPM_NREPRESENTATION    ; UNSIGNED       ; Untyped                ;
; LPM_DREPRESENTATION    ; UNSIGNED       ; Untyped                ;
; LPM_PIPELINE           ; 0              ; Untyped                ;
; LPM_REMAINDERPOSITIVE  ; TRUE           ; Untyped                ;
; MAXIMIZE_SPEED         ; 5              ; Untyped                ;
; CBXI_PARAMETER         ; lpm_divide_52m ; Untyped                ;
; CARRY_CHAIN            ; MANUAL         ; Untyped                ;
; OPTIMIZE_FOR_SPEED     ; 5              ; Untyped                ;
; AUTO_CARRY_CHAINS      ; ON             ; AUTO_CARRY             ;
; IGNORE_CARRY_BUFFERS   ; OFF            ; IGNORE_CARRY           ;
; AUTO_CASCADE_CHAINS    ; ON             ; AUTO_CASCADE           ;
; IGNORE_CASCADE_BUFFERS ; OFF            ; IGNORE_CASCADE         ;
+------------------------+----------------+------------------------+
Note: In order to hide this table in the UI and the text report file, please set the "Show Parameter Settings in Synthesis Report" option in "Analysis and Synthesis Settings -> More Settings" to "Off".


+------------------------------------------------------------------+
; Parameter Settings for Inferred Entity Instance: lpm_divide:Div0 ;
+------------------------+----------------+------------------------+
; Parameter Name         ; Value          ; Type                   ;
+------------------------+----------------+------------------------+
; LPM_WIDTHN             ; 5              ; Untyped                ;
; LPM_WIDTHD             ; 4              ; Untyped                ;
; LPM_NREPRESENTATION    ; UNSIGNED       ; Untyped                ;
; LPM_DREPRESENTATION    ; UNSIGNED       ; Untyped                ;
; LPM_PIPELINE           ; 0              ; Untyped                ;
; LPM_REMAINDERPOSITIVE  ; TRUE           ; Untyped                ;
; MAXIMIZE_SPEED         ; 5              ; Untyped                ;
; CBXI_PARAMETER         ; lpm_divide_2am ; Untyped                ;
; CARRY_CHAIN            ; MANUAL         ; Untyped                ;
; OPTIMIZE_FOR_SPEED     ; 5              ; Untyped                ;
; AUTO_CARRY_CHAINS      ; ON             ; AUTO_CARRY             ;
; IGNORE_CARRY_BUFFERS   ; OFF            ; IGNORE_CARRY           ;
; AUTO_CASCADE_CHAINS    ; ON             ; AUTO_CASCADE           ;
; IGNORE_CASCADE_BUFFERS ; OFF            ; IGNORE_CASCADE         ;
+------------------------+----------------+------------------------+
Note: In order to hide this table in the UI and the text report file, please set the "Show Parameter Settings in Synthesis Report" option in "Analysis and Synthesis Settings -> More Settings" to "Off".


+---------------------------------------------------------------------------------------------------------+
; altsyncram Parameter Settings by Entity Instance                                                        ;
+-------------------------------------------+-------------------------------------------------------------+
; Name                                      ; Value                                                       ;
+-------------------------------------------+-------------------------------------------------------------+
; Number of entity instances                ; 1                                                           ;
; Entity Instance                           ; task3:ram2|ram32x3port2:ram|altsyncram:altsyncram_component ;
;     -- OPERATION_MODE                     ; DUAL_PORT                                                   ;
;     -- WIDTH_A                            ; 3                                                           ;
;     -- NUMWORDS_A                         ; 32                                                          ;
;     -- OUTDATA_REG_A                      ; UNREGISTERED                                                ;
;     -- WIDTH_B                            ; 3                                                           ;
;     -- NUMWORDS_B                         ; 32                                                          ;
;     -- ADDRESS_REG_B                      ; CLOCK0                                                      ;
;     -- OUTDATA_REG_B                      ; CLOCK0                                                      ;
;     -- RAM_BLOCK_TYPE                     ; M10K                                                        ;
;     -- READ_DURING_WRITE_MODE_MIXED_PORTS ; DONT_CARE                                                   ;
+-------------------------------------------+-------------------------------------------------------------+


+-----------------------------------------------------------------------------------------------------------------------------------------------------------------------+
; Port Connectivity Checks: "seg7:hex0"                                                                                                                                 ;
+------+-------+----------+---------------------------------------------------------------------------------------------------------------------------------------------+
; Port ; Type  ; Severity ; Details                                                                                                                                     ;
+------+-------+----------+---------------------------------------------------------------------------------------------------------------------------------------------+
; hex  ; Input ; Warning  ; Input port expression (3 bits) is smaller than the input port (4 bits) it drives.  Extra input bit(s) "hex[3..3]" will be connected to GND. ;
+------+-------+----------+---------------------------------------------------------------------------------------------------------------------------------------------+


+-----------------------------------------------------------------------------------------------------------------------------------------------------------------------+
; Port Connectivity Checks: "seg7:hex1"                                                                                                                                 ;
+------+-------+----------+---------------------------------------------------------------------------------------------------------------------------------------------+
; Port ; Type  ; Severity ; Details                                                                                                                                     ;
+------+-------+----------+---------------------------------------------------------------------------------------------------------------------------------------------+
; hex  ; Input ; Warning  ; Input port expression (3 bits) is smaller than the input port (4 bits) it drives.  Extra input bit(s) "hex[3..3]" will be connected to GND. ;
+------+-------+----------+---------------------------------------------------------------------------------------------------------------------------------------------+


+-----------------------------------------------------------------------------------------------------------------------------------------------------------------------+
; Port Connectivity Checks: "seg7:hex2"                                                                                                                                 ;
+------+-------+----------+---------------------------------------------------------------------------------------------------------------------------------------------+
; Port ; Type  ; Severity ; Details                                                                                                                                     ;
+------+-------+----------+---------------------------------------------------------------------------------------------------------------------------------------------+
; hex  ; Input ; Warning  ; Input port expression (1 bits) is smaller than the input port (4 bits) it drives.  Extra input bit(s) "hex[3..1]" will be connected to GND. ;
+------+-------+----------+---------------------------------------------------------------------------------------------------------------------------------------------+


+-----------------------------------------------------------------------------------------------------------------------------------------------------------------------+
; Port Connectivity Checks: "seg7:hex3"                                                                                                                                 ;
+------+-------+----------+---------------------------------------------------------------------------------------------------------------------------------------------+
; Port ; Type  ; Severity ; Details                                                                                                                                     ;
+------+-------+----------+---------------------------------------------------------------------------------------------------------------------------------------------+
; hex  ; Input ; Warning  ; Input port expression (1 bits) is smaller than the input port (4 bits) it drives.  Extra input bit(s) "hex[3..1]" will be connected to GND. ;
+------+-------+----------+---------------------------------------------------------------------------------------------------------------------------------------------+


+-----------------------------------------------------------------------------------------------------------------------------------------------------------------------+
; Port Connectivity Checks: "seg7:hex4"                                                                                                                                 ;
+------+-------+----------+---------------------------------------------------------------------------------------------------------------------------------------------+
; Port ; Type  ; Severity ; Details                                                                                                                                     ;
+------+-------+----------+---------------------------------------------------------------------------------------------------------------------------------------------+
; hex  ; Input ; Warning  ; Input port expression (1 bits) is smaller than the input port (4 bits) it drives.  Extra input bit(s) "hex[3..1]" will be connected to GND. ;
+------+-------+----------+---------------------------------------------------------------------------------------------------------------------------------------------+


+-----------------------------------------------------------------------------------------------------------------------------------------------------------------------+
; Port Connectivity Checks: "seg7:hex5"                                                                                                                                 ;
+------+-------+----------+---------------------------------------------------------------------------------------------------------------------------------------------+
; Port ; Type  ; Severity ; Details                                                                                                                                     ;
+------+-------+----------+---------------------------------------------------------------------------------------------------------------------------------------------+
; hex  ; Input ; Warning  ; Input port expression (1 bits) is smaller than the input port (4 bits) it drives.  Extra input bit(s) "hex[3..1]" will be connected to GND. ;
+------+-------+----------+---------------------------------------------------------------------------------------------------------------------------------------------+


+-----------------------------------------------------+
; Post-Synthesis Netlist Statistics for Top Partition ;
+-----------------------+-----------------------------+
; Type                  ; Count                       ;
+-----------------------+-----------------------------+
; arriav_ff             ; 114                         ;
;     ENA               ; 99                          ;
;     ENA SCLR          ; 10                          ;
;     plain             ; 5                           ;
; arriav_io_obuf        ; 36                          ;
; arriav_lcell_comb     ; 162                         ;
;     arith             ; 28                          ;
;         0 data inputs ; 8                           ;
;         1 data inputs ; 4                           ;
;         2 data inputs ; 8                           ;
;         3 data inputs ; 8                           ;
;     extend            ; 24                          ;
;         7 data inputs ; 24                          ;
;     normal            ; 90                          ;
;         0 data inputs ; 2                           ;
;         1 data inputs ; 1                           ;
;         2 data inputs ; 19                          ;
;         3 data inputs ; 25                          ;
;         4 data inputs ; 25                          ;
;         5 data inputs ; 13                          ;
;         6 data inputs ; 5                           ;
;     shared            ; 20                          ;
;         0 data inputs ; 4                           ;
;         1 data inputs ; 16                          ;
; boundary_port         ; 88                          ;
; stratixv_ram_block    ; 3                           ;
;                       ;                             ;
; Max LUT depth         ; 4.70                        ;
; Average LUT depth     ; 2.95                        ;
+-----------------------+-----------------------------+


+-------------------------------+
; Elapsed Time Per Partition    ;
+----------------+--------------+
; Partition Name ; Elapsed Time ;
+----------------+--------------+
; Top            ; 00:00:00     ;
+----------------+--------------+


+-------------------------------+
; Analysis & Synthesis Messages ;
+-------------------------------+
Info: *******************************************************************
Info: Running Quartus Prime Analysis & Synthesis
    Info: Version 17.0.0 Build 595 04/25/2017 SJ Lite Edition
    Info: Processing started: Fri Oct 13 02:16:13 2023
Info: Command: quartus_map --read_settings_files=on --write_settings_files=off lab_general -c lab_general
Warning (18236): Number of processors has not been specified which may cause overloading on shared machines.  Set the global assignment NUM_PARALLEL_PROCESSORS in your QSF to an appropriate value for best performance.
Info (20030): Parallel compilation is enabled and will use 8 of the 8 processors detected
Warning (10261): Verilog HDL Event Control warning at DE1_SoC.sv(17): Event Control contains a complex event expression File: C:/Users/Daddy/Documents/CSE371/lab2/DE1_SoC.sv Line: 17
Info (12021): Found 2 design units, including 2 entities, in source file de1_soc.sv
    Info (12023): Found entity 1: DE1_SoC File: C:/Users/Daddy/Documents/CSE371/lab2/DE1_SoC.sv Line: 1
    Info (12023): Found entity 2: DE1_SoC_tb File: C:/Users/Daddy/Documents/CSE371/lab2/DE1_SoC.sv Line: 63
Info (12021): Found 0 design units, including 0 entities, in source file ram32x3_bb.v
Info (12021): Found 0 design units, including 0 entities, in source file ram32x3port2_bb.v
Info (12021): Found 1 design units, including 1 entities, in source file seg7.sv
    Info (12023): Found entity 1: seg7 File: C:/Users/Daddy/Documents/CSE371/lab2/seg7.sv Line: 10
Info (12021): Found 1 design units, including 1 entities, in source file ram32x3.v
    Info (12023): Found entity 1: ram32x3 File: C:/Users/Daddy/Documents/CSE371/lab2/ram32x3.v Line: 40
Info (12021): Found 2 design units, including 2 entities, in source file task1.sv
    Info (12023): Found entity 1: task1 File: C:/Users/Daddy/Documents/CSE371/lab2/task1.sv Line: 1
    Info (12023): Found entity 2: task1_tb File: C:/Users/Daddy/Documents/CSE371/lab2/task1.sv Line: 12
Info (12021): Found 1 design units, including 1 entities, in source file ram32x3port2.v
    Info (12023): Found entity 1: ram32x3port2 File: C:/Users/Daddy/Documents/CSE371/lab2/ram32x3port2.v Line: 40
Info (12127): Elaborating entity "DE1_SoC" for the top level hierarchy
Warning (10230): Verilog HDL assignment warning at DE1_SoC.sv(33): truncated value with size 32 to match size of target (1) File: C:/Users/Daddy/Documents/CSE371/lab2/DE1_SoC.sv Line: 33
Warning (10230): Verilog HDL assignment warning at DE1_SoC.sv(34): truncated value with size 32 to match size of target (1) File: C:/Users/Daddy/Documents/CSE371/lab2/DE1_SoC.sv Line: 34
Warning (10230): Verilog HDL assignment warning at DE1_SoC.sv(35): truncated value with size 32 to match size of target (1) File: C:/Users/Daddy/Documents/CSE371/lab2/DE1_SoC.sv Line: 35
Warning (10230): Verilog HDL assignment warning at DE1_SoC.sv(36): truncated value with size 32 to match size of target (1) File: C:/Users/Daddy/Documents/CSE371/lab2/DE1_SoC.sv Line: 36
Warning (12125): Using design file task2.sv, which is not specified as a design file for the current project, but contains definitions for 2 design units and 2 entities in project
    Info (12023): Found entity 1: task2 File: C:/Users/Daddy/Documents/CSE371/lab2/task2.sv Line: 1
    Info (12023): Found entity 2: task2_tb File: C:/Users/Daddy/Documents/CSE371/lab2/task2.sv Line: 21
Info (12128): Elaborating entity "task2" for hierarchy "task2:ram1" File: C:/Users/Daddy/Documents/CSE371/lab2/DE1_SoC.sv Line: 29
Warning (12125): Using design file task3.sv, which is not specified as a design file for the current project, but contains definitions for 2 design units and 2 entities in project
    Info (12023): Found entity 1: task3 File: C:/Users/Daddy/Documents/CSE371/lab2/task3.sv Line: 1
    Info (12023): Found entity 2: task3_tb File: C:/Users/Daddy/Documents/CSE371/lab2/task3.sv Line: 24
Info (12128): Elaborating entity "task3" for hierarchy "task3:ram2" File: C:/Users/Daddy/Documents/CSE371/lab2/DE1_SoC.sv Line: 30
Info (12128): Elaborating entity "ram32x3port2" for hierarchy "task3:ram2|ram32x3port2:ram" File: C:/Users/Daddy/Documents/CSE371/lab2/task3.sv Line: 9
Info (12128): Elaborating entity "altsyncram" for hierarchy "task3:ram2|ram32x3port2:ram|altsyncram:altsyncram_component" File: C:/Users/Daddy/Documents/CSE371/lab2/ram32x3port2.v Line: 89
Info (12130): Elaborated megafunction instantiation "task3:ram2|ram32x3port2:ram|altsyncram:altsyncram_component" File: C:/Users/Daddy/Documents/CSE371/lab2/ram32x3port2.v Line: 89
Info (12133): Instantiated megafunction "task3:ram2|ram32x3port2:ram|altsyncram:altsyncram_component" with the following parameter: File: C:/Users/Daddy/Documents/CSE371/lab2/ram32x3port2.v Line: 89
    Info (12134): Parameter "address_aclr_b" = "NONE"
    Info (12134): Parameter "address_reg_b" = "CLOCK0"
    Info (12134): Parameter "clock_enable_input_a" = "BYPASS"
    Info (12134): Parameter "clock_enable_input_b" = "BYPASS"
    Info (12134): Parameter "clock_enable_output_b" = "BYPASS"
    Info (12134): Parameter "init_file" = "ram32x3.mif"
    Info (12134): Parameter "intended_device_family" = "Cyclone V"
    Info (12134): Parameter "lpm_type" = "altsyncram"
    Info (12134): Parameter "numwords_a" = "32"
    Info (12134): Parameter "numwords_b" = "32"
    Info (12134): Parameter "operation_mode" = "DUAL_PORT"
    Info (12134): Parameter "outdata_aclr_b" = "NONE"
    Info (12134): Parameter "outdata_reg_b" = "CLOCK0"
    Info (12134): Parameter "power_up_uninitialized" = "FALSE"
    Info (12134): Parameter "ram_block_type" = "M10K"
    Info (12134): Parameter "read_during_write_mode_mixed_ports" = "DONT_CARE"
    Info (12134): Parameter "widthad_a" = "5"
    Info (12134): Parameter "widthad_b" = "5"
    Info (12134): Parameter "width_a" = "3"
    Info (12134): Parameter "width_b" = "3"
    Info (12134): Parameter "width_byteena_a" = "1"
Info (12021): Found 1 design units, including 1 entities, in source file db/altsyncram_1g12.tdf
    Info (12023): Found entity 1: altsyncram_1g12 File: C:/Users/Daddy/Documents/CSE371/lab2/db/altsyncram_1g12.tdf Line: 28
Info (12128): Elaborating entity "altsyncram_1g12" for hierarchy "task3:ram2|ram32x3port2:ram|altsyncram:altsyncram_component|altsyncram_1g12:auto_generated" File: c:/intelfpga_lite/17.0/quartus/libraries/megafunctions/altsyncram.tdf Line: 792
Info (12128): Elaborating entity "seg7" for hierarchy "seg7:hex5" File: C:/Users/Daddy/Documents/CSE371/lab2/DE1_SoC.sv Line: 39
Info (276014): Found 1 instances of uninferred RAM logic
    Info (276007): RAM logic "task2:ram1|RAM" is uninferred due to asynchronous read logic File: C:/Users/Daddy/Documents/CSE371/lab2/task2.sv Line: 7
Info (278001): Inferred 4 megafunctions from design logic
    Info (278004): Inferred divider/modulo megafunction ("lpm_divide") from the following logic: "Mod1" File: C:/Users/Daddy/Documents/CSE371/lab2/DE1_SoC.sv Line: 36
    Info (278004): Inferred divider/modulo megafunction ("lpm_divide") from the following logic: "Div1" File: C:/Users/Daddy/Documents/CSE371/lab2/DE1_SoC.sv Line: 35
    Info (278004): Inferred divider/modulo megafunction ("lpm_divide") from the following logic: "Mod0" File: C:/Users/Daddy/Documents/CSE371/lab2/DE1_SoC.sv Line: 34
    Info (278004): Inferred divider/modulo megafunction ("lpm_divide") from the following logic: "Div0" File: C:/Users/Daddy/Documents/CSE371/lab2/DE1_SoC.sv Line: 33
Info (12130): Elaborated megafunction instantiation "lpm_divide:Mod1" File: C:/Users/Daddy/Documents/CSE371/lab2/DE1_SoC.sv Line: 36
Info (12133): Instantiated megafunction "lpm_divide:Mod1" with the following parameter: File: C:/Users/Daddy/Documents/CSE371/lab2/DE1_SoC.sv Line: 36
    Info (12134): Parameter "LPM_WIDTHN" = "5"
    Info (12134): Parameter "LPM_WIDTHD" = "4"
    Info (12134): Parameter "LPM_NREPRESENTATION" = "UNSIGNED"
    Info (12134): Parameter "LPM_DREPRESENTATION" = "UNSIGNED"
Info (12021): Found 1 design units, including 1 entities, in source file db/lpm_divide_52m.tdf
    Info (12023): Found entity 1: lpm_divide_52m File: C:/Users/Daddy/Documents/CSE371/lab2/db/lpm_divide_52m.tdf Line: 25
Info (12021): Found 1 design units, including 1 entities, in source file db/sign_div_unsign_8kh.tdf
    Info (12023): Found entity 1: sign_div_unsign_8kh File: C:/Users/Daddy/Documents/CSE371/lab2/db/sign_div_unsign_8kh.tdf Line: 25
Info (12021): Found 1 design units, including 1 entities, in source file db/alt_u_div_mse.tdf
    Info (12023): Found entity 1: alt_u_div_mse File: C:/Users/Daddy/Documents/CSE371/lab2/db/alt_u_div_mse.tdf Line: 23
Info (12130): Elaborated megafunction instantiation "lpm_divide:Div1" File: C:/Users/Daddy/Documents/CSE371/lab2/DE1_SoC.sv Line: 35
Info (12133): Instantiated megafunction "lpm_divide:Div1" with the following parameter: File: C:/Users/Daddy/Documents/CSE371/lab2/DE1_SoC.sv Line: 35
    Info (12134): Parameter "LPM_WIDTHN" = "5"
    Info (12134): Parameter "LPM_WIDTHD" = "4"
    Info (12134): Parameter "LPM_NREPRESENTATION" = "UNSIGNED"
    Info (12134): Parameter "LPM_DREPRESENTATION" = "UNSIGNED"
Info (12021): Found 1 design units, including 1 entities, in source file db/lpm_divide_2am.tdf
    Info (12023): Found entity 1: lpm_divide_2am File: C:/Users/Daddy/Documents/CSE371/lab2/db/lpm_divide_2am.tdf Line: 25
Warning (12241): 6 hierarchies have connectivity warnings - see the Connectivity Checks report folder
Warning (13039): The following bidirectional pins have no drivers
    Warning (13040): bidirectional pin "V_GPIO[13]" has no driver File: C:/Users/Daddy/Documents/CSE371/lab2/DE1_SoC.sv Line: 4
    Warning (13040): bidirectional pin "V_GPIO[6]" has no driver File: C:/Users/Daddy/Documents/CSE371/lab2/DE1_SoC.sv Line: 4
    Warning (13040): bidirectional pin "V_GPIO[7]" has no driver File: C:/Users/Daddy/Documents/CSE371/lab2/DE1_SoC.sv Line: 4
    Warning (13040): bidirectional pin "V_GPIO[5]" has no driver File: C:/Users/Daddy/Documents/CSE371/lab2/DE1_SoC.sv Line: 4
    Warning (13040): bidirectional pin "V_GPIO[8]" has no driver File: C:/Users/Daddy/Documents/CSE371/lab2/DE1_SoC.sv Line: 4
    Warning (13040): bidirectional pin "V_GPIO[0]" has no driver File: C:/Users/Daddy/Documents/CSE371/lab2/DE1_SoC.sv Line: 4
    Warning (13040): bidirectional pin "V_GPIO[3]" has no driver File: C:/Users/Daddy/Documents/CSE371/lab2/DE1_SoC.sv Line: 4
    Warning (13040): bidirectional pin "V_GPIO[4]" has no driver File: C:/Users/Daddy/Documents/CSE371/lab2/DE1_SoC.sv Line: 4
    Warning (13040): bidirectional pin "V_GPIO[9]" has no driver File: C:/Users/Daddy/Documents/CSE371/lab2/DE1_SoC.sv Line: 4
    Warning (13040): bidirectional pin "V_GPIO[10]" has no driver File: C:/Users/Daddy/Documents/CSE371/lab2/DE1_SoC.sv Line: 4
    Warning (13040): bidirectional pin "V_GPIO[11]" has no driver File: C:/Users/Daddy/Documents/CSE371/lab2/DE1_SoC.sv Line: 4
    Warning (13040): bidirectional pin "V_GPIO[12]" has no driver File: C:/Users/Daddy/Documents/CSE371/lab2/DE1_SoC.sv Line: 4
    Warning (13040): bidirectional pin "V_GPIO[1]" has no driver File: C:/Users/Daddy/Documents/CSE371/lab2/DE1_SoC.sv Line: 4
    Warning (13040): bidirectional pin "V_GPIO[2]" has no driver File: C:/Users/Daddy/Documents/CSE371/lab2/DE1_SoC.sv Line: 4
    Warning (13040): bidirectional pin "V_GPIO[14]" has no driver File: C:/Users/Daddy/Documents/CSE371/lab2/DE1_SoC.sv Line: 4
    Warning (13040): bidirectional pin "V_GPIO[15]" has no driver File: C:/Users/Daddy/Documents/CSE371/lab2/DE1_SoC.sv Line: 4
    Warning (13040): bidirectional pin "V_GPIO[16]" has no driver File: C:/Users/Daddy/Documents/CSE371/lab2/DE1_SoC.sv Line: 4
    Warning (13040): bidirectional pin "V_GPIO[17]" has no driver File: C:/Users/Daddy/Documents/CSE371/lab2/DE1_SoC.sv Line: 4
    Warning (13040): bidirectional pin "V_GPIO[18]" has no driver File: C:/Users/Daddy/Documents/CSE371/lab2/DE1_SoC.sv Line: 4
    Warning (13040): bidirectional pin "V_GPIO[19]" has no driver File: C:/Users/Daddy/Documents/CSE371/lab2/DE1_SoC.sv Line: 4
    Warning (13040): bidirectional pin "V_GPIO[20]" has no driver File: C:/Users/Daddy/Documents/CSE371/lab2/DE1_SoC.sv Line: 4
    Warning (13040): bidirectional pin "V_GPIO[21]" has no driver File: C:/Users/Daddy/Documents/CSE371/lab2/DE1_SoC.sv Line: 4
    Warning (13040): bidirectional pin "V_GPIO[22]" has no driver File: C:/Users/Daddy/Documents/CSE371/lab2/DE1_SoC.sv Line: 4
    Warning (13040): bidirectional pin "V_GPIO[23]" has no driver File: C:/Users/Daddy/Documents/CSE371/lab2/DE1_SoC.sv Line: 4
    Warning (13040): bidirectional pin "V_GPIO[24]" has no driver File: C:/Users/Daddy/Documents/CSE371/lab2/DE1_SoC.sv Line: 4
    Warning (13040): bidirectional pin "V_GPIO[25]" has no driver File: C:/Users/Daddy/Documents/CSE371/lab2/DE1_SoC.sv Line: 4
    Warning (13040): bidirectional pin "V_GPIO[26]" has no driver File: C:/Users/Daddy/Documents/CSE371/lab2/DE1_SoC.sv Line: 4
    Warning (13040): bidirectional pin "V_GPIO[27]" has no driver File: C:/Users/Daddy/Documents/CSE371/lab2/DE1_SoC.sv Line: 4
    Warning (13040): bidirectional pin "V_GPIO[28]" has no driver File: C:/Users/Daddy/Documents/CSE371/lab2/DE1_SoC.sv Line: 4
    Warning (13040): bidirectional pin "V_GPIO[29]" has no driver File: C:/Users/Daddy/Documents/CSE371/lab2/DE1_SoC.sv Line: 4
    Warning (13040): bidirectional pin "V_GPIO[30]" has no driver File: C:/Users/Daddy/Documents/CSE371/lab2/DE1_SoC.sv Line: 4
    Warning (13040): bidirectional pin "V_GPIO[31]" has no driver File: C:/Users/Daddy/Documents/CSE371/lab2/DE1_SoC.sv Line: 4
    Warning (13040): bidirectional pin "V_GPIO[32]" has no driver File: C:/Users/Daddy/Documents/CSE371/lab2/DE1_SoC.sv Line: 4
    Warning (13040): bidirectional pin "V_GPIO[33]" has no driver File: C:/Users/Daddy/Documents/CSE371/lab2/DE1_SoC.sv Line: 4
    Warning (13040): bidirectional pin "V_GPIO[34]" has no driver File: C:/Users/Daddy/Documents/CSE371/lab2/DE1_SoC.sv Line: 4
    Warning (13040): bidirectional pin "V_GPIO[35]" has no driver File: C:/Users/Daddy/Documents/CSE371/lab2/DE1_SoC.sv Line: 4
Warning (13024): Output pins are stuck at VCC or GND
    Warning (13410): Pin "HEX2[6]" is stuck at VCC File: C:/Users/Daddy/Documents/CSE371/lab2/DE1_SoC.sv Line: 2
    Warning (13410): Pin "HEX3[6]" is stuck at VCC File: C:/Users/Daddy/Documents/CSE371/lab2/DE1_SoC.sv Line: 2
    Warning (13410): Pin "HEX4[1]" is stuck at GND File: C:/Users/Daddy/Documents/CSE371/lab2/DE1_SoC.sv Line: 2
    Warning (13410): Pin "HEX4[2]" is stuck at GND File: C:/Users/Daddy/Documents/CSE371/lab2/DE1_SoC.sv Line: 2
    Warning (13410): Pin "HEX4[6]" is stuck at VCC File: C:/Users/Daddy/Documents/CSE371/lab2/DE1_SoC.sv Line: 2
    Warning (13410): Pin "HEX5[1]" is stuck at GND File: C:/Users/Daddy/Documents/CSE371/lab2/DE1_SoC.sv Line: 2
    Warning (13410): Pin "HEX5[2]" is stuck at GND File: C:/Users/Daddy/Documents/CSE371/lab2/DE1_SoC.sv Line: 2
    Warning (13410): Pin "HEX5[6]" is stuck at VCC File: C:/Users/Daddy/Documents/CSE371/lab2/DE1_SoC.sv Line: 2
    Warning (13410): Pin "LEDR[0]" is stuck at GND File: C:/Users/Daddy/Documents/CSE371/lab2/DE1_SoC.sv Line: 3
    Warning (13410): Pin "LEDR[1]" is stuck at GND File: C:/Users/Daddy/Documents/CSE371/lab2/DE1_SoC.sv Line: 3
    Warning (13410): Pin "LEDR[2]" is stuck at GND File: C:/Users/Daddy/Documents/CSE371/lab2/DE1_SoC.sv Line: 3
    Warning (13410): Pin "LEDR[3]" is stuck at GND File: C:/Users/Daddy/Documents/CSE371/lab2/DE1_SoC.sv Line: 3
    Warning (13410): Pin "LEDR[4]" is stuck at GND File: C:/Users/Daddy/Documents/CSE371/lab2/DE1_SoC.sv Line: 3
    Warning (13410): Pin "LEDR[5]" is stuck at GND File: C:/Users/Daddy/Documents/CSE371/lab2/DE1_SoC.sv Line: 3
    Warning (13410): Pin "LEDR[6]" is stuck at GND File: C:/Users/Daddy/Documents/CSE371/lab2/DE1_SoC.sv Line: 3
    Warning (13410): Pin "LEDR[7]" is stuck at GND File: C:/Users/Daddy/Documents/CSE371/lab2/DE1_SoC.sv Line: 3
    Warning (13410): Pin "LEDR[8]" is stuck at GND File: C:/Users/Daddy/Documents/CSE371/lab2/DE1_SoC.sv Line: 3
    Warning (13410): Pin "LEDR[9]" is stuck at GND File: C:/Users/Daddy/Documents/CSE371/lab2/DE1_SoC.sv Line: 3
Info (286030): Timing-Driven Synthesis is running
Warning (14632): Output pin "HEX3[2]" driven by bidirectional pin "V_GPIO[13]" cannot be tri-stated File: C:/Users/Daddy/Documents/CSE371/lab2/DE1_SoC.sv Line: 2
Warning (14632): Output pin "HEX3[1]" driven by bidirectional pin "V_GPIO[13]" cannot be tri-stated File: C:/Users/Daddy/Documents/CSE371/lab2/DE1_SoC.sv Line: 2
Warning (14632): Output pin "HEX2[2]" driven by bidirectional pin "V_GPIO[13]" cannot be tri-stated File: C:/Users/Daddy/Documents/CSE371/lab2/DE1_SoC.sv Line: 2
Warning (14632): Output pin "HEX2[1]" driven by bidirectional pin "V_GPIO[13]" cannot be tri-stated File: C:/Users/Daddy/Documents/CSE371/lab2/DE1_SoC.sv Line: 2
Info (144001): Generated suppressed messages file C:/Users/Daddy/Documents/CSE371/lab2/lab_general.map.smsg
Info (16010): Generating hard_block partition "hard_block:auto_generated_inst"
    Info (16011): Adding 0 node(s), including 0 DDIO, 0 PLL, 0 transceiver and 0 LCELL
Info (21057): Implemented 356 device resources after synthesis - the final resource count might be different
    Info (21058): Implemented 0 input pins
    Info (21059): Implemented 52 output pins
    Info (21060): Implemented 36 bidirectional pins
    Info (21061): Implemented 265 logic cells
    Info (21064): Implemented 3 RAM segments
Info: Quartus Prime Analysis & Synthesis was successful. 0 errors, 69 warnings
    Info: Peak virtual memory: 4872 megabytes
    Info: Processing ended: Fri Oct 13 02:16:26 2023
    Info: Elapsed time: 00:00:13
    Info: Total CPU time (on all processors): 00:00:28


+------------------------------------------+
; Analysis & Synthesis Suppressed Messages ;
+------------------------------------------+
The suppressed messages can be found in C:/Users/Daddy/Documents/CSE371/lab2/lab_general.map.smsg.


